✅ Email service initialized with Resend
=== GUARDIAN SIMPLE SERVER STARTING ===
Node version: v24.3.0
Environment: development
Port: 3001
Process PID: 65723
Current working directory: /opt/homebrew/var/www/projects/Guardian MVP
📦 Creating Prisma client...
🔑 JWT configured
🔌 Testing database connection...
🔧 Development mode: Static files served by Vite on port 5175
🚀 Starting Express server...
🔧 Development mode: SPA routing handled by Vite dev server
✅ Server running on port 3001
🔧 Development mode: API server only
🌐 Health check: /api/health
🧪 Simple test: /api/simple-test
🎉 Server startup complete!
✅ Database connected successfully
🔍 [AUTH] Processing request for: GET /api/notifications/count
🔍 Attempting to verify JWT token (length: 327, first 20 chars: eyJhbGciOiJIUzI1NiIs...)
✅ JWT token verified successfully for user: 1176
✅ Authentication successful for user 1176 in company 54
🔢 Getting notification count for user 1176
✅ User has 0 unread notifications
🔍 [AUTH] Processing request for: GET /api/requests
🔍 Attempting to verify JWT token (length: 327, first 20 chars: eyJhbGciOiJIUzI1NiIs...)
✅ JWT token verified successfully for user: 1176
🔍 [AUTH] Processing request for: GET /api/roles/all
🔍 Attempting to verify JWT token (length: 327, first 20 chars: eyJhbGciOiJIUzI1NiIs...)
✅ JWT token verified successfully for user: 1176
🔍 [AUTH] Processing request for: GET /api/requests/assigned/me
🔍 Attempting to verify JWT token (length: 327, first 20 chars: eyJhbGciOiJIUzI1NiIs...)
✅ JWT token verified successfully for user: 1176
🔍 [AUTH] Processing request for: GET /api/notices/my
🔍 Attempting to verify JWT token (length: 327, first 20 chars: eyJhbGciOiJIUzI1NiIs...)
✅ JWT token verified successfully for user: 1176
🔍 [AUTH] Processing request for: GET /api/notifications/count
🔍 Attempting to verify JWT token (length: 327, first 20 chars: eyJhbGciOiJIUzI1NiIs...)
✅ JWT token verified successfully for user: 1176
🔍 [AUTH] Processing request for: GET /api/users/workspaces
🔍 Attempting to verify JWT token (length: 327, first 20 chars: eyJhbGciOiJIUzI1NiIs...)
✅ JWT token verified successfully for user: 1176
✅ Authentication successful for user 1176 in company 54
📋 Fetching requests for company ID: 54
🏢 User 1176 active workspace: None
✅ Found 0 requests in database (query took 110ms)
📤 Sending 0 formatted requests to frontend
🔍 [AUTH] Processing request for: GET /api/forms
🔍 Attempting to verify JWT token (length: 327, first 20 chars: eyJhbGciOiJIUzI1NiIs...)
✅ JWT token verified successfully for user: 1176
✅ Authentication successful for user 1176 in company 54
📋 Fetching forms from database for company: 54
🔍 Company ID type: number
✅ Authentication successful for user 1176 in company 54
📋 Fetching assigned requests for user ID: 1176 (Company: 54)
✅ Found 0 forms for company 54
🔍 ===== RAW DATABASE FORMS DATA =====
🔍 ===== FORMATTED FORMS BEFORE SENDING =====
📤 Sending 0 formatted forms to frontend
🔍 [AUTH] Processing request for: GET /api/me
🔍 Attempting to verify JWT token (length: 327, first 20 chars: eyJhbGciOiJIUzI1NiIs...)
✅ JWT token verified successfully for user: 1176
✅ Retrieved 0 assigned requests in 46ms
🔍 [AUTH] Processing request for: GET /api/requests/assigned/me
🔍 Attempting to verify JWT token (length: 327, first 20 chars: eyJhbGciOiJIUzI1NiIs...)
✅ JWT token verified successfully for user: 1176
✅ Authentication successful for user 1176 in company 54
📋 Fetching workspaces for user 1176
✅ Authentication successful for user 1176 in company 54
🔢 Getting notification count for user 1176
✅ Authentication successful for user 1176 in company 54
📢 Fetching my notices for user 1176 (Company: 54)
✅ Authentication successful for user 1176 in company 54
👤 Fetching current user info for user ID: 1176 (Company: 54)
✅ Authentication successful for user 1176 in company 54
🎭 Fetching all roles for role switcher...
✅ Authentication successful for user 1176 in company 54
📋 Fetching assigned requests for user ID: 1176 (Company: 54)
✅ Found 0 workspaces for user 1176
✅ User has 0 unread notifications
✅ Retrieved 0 assigned requests in 45ms
✅ Found 0 notices for user
🔍 [AUTH] Processing request for: GET /api/notices/stats
🔍 Attempting to verify JWT token (length: 327, first 20 chars: eyJhbGciOiJIUzI1NiIs...)
✅ JWT token verified successfully for user: 1176
✅ Successfully fetched user info for ernest@shieldlytics.com
✅ Authentication successful for user 1176 in company 54
📊 Fetching notice statistics for user 1176 (Company: 54)
🔍 [AUTH] Processing request for: GET /api/users
🔍 Attempting to verify JWT token (length: 327, first 20 chars: eyJhbGciOiJIUzI1NiIs...)
✅ JWT token verified successfully for user: 1176
✅ Found 5 roles for role switcher
📤 Sending 5 roles for role switcher
✅ Authentication successful for user 1176 in company 54
 [DEBUG] Fetching users for company ID: 54
 [DEBUG] Request user info: {
  userId: 1176,
  companyId: 54,
  userRoleIds: [ 6 ],
}
 [DEBUG] Total users in database: 8
 [DEBUG] All users by company: [ "Ernie Pena (Company: 54, Status: A)", "Ernest Pena Jr (Company: 54, Status: A)",
  "Test User (Company: 54, Status: A)", "test-workspace  (Company: 55, Status: P)", "RDV  (Company: 56, Status: A)",
  "joel_upright@yahoo.com  (Company: 58, Status: A)", "RDV  (Company: 59, Status: A)",
  "Ernest Pena Jr (Company: 59, Status: A)"
]
 [DEBUG] Found 3 users for company 54
✅ Notice stats: {
  totalNotices: 0,
  unreadNotices: 0,
  issuedByMe: 0,
  activeNotices: 0,
}
🎭 Fetching roles from database...
🔍 [AUTH] Processing request for: GET /api/users
🔍 Attempting to verify JWT token (length: 327, first 20 chars: eyJhbGciOiJIUzI1NiIs...)
✅ JWT token verified successfully for user: 1176
🔍 [AUTH] Processing request for: GET /api/invites
🔍 Attempting to verify JWT token (length: 327, first 20 chars: eyJhbGciOiJIUzI1NiIs...)
✅ JWT token verified successfully for user: 1176
✅ Authentication successful for user 1176 in company 54
 [DEBUG] Fetching users for company ID: 54
 [DEBUG] Request user info: {
  userId: 1176,
  companyId: 54,
  userRoleIds: [ 6 ],
}
✅ Found 5 roles in database
📤 Sending 5 formatted roles to frontend
✅ Authentication successful for user 1176 in company 54
📧 Fetching invites for company ID: 54
🎭 Fetching roles from database...
 [DEBUG] Total users in database: 8
 [DEBUG] All users by company: [ "Ernie Pena (Company: 54, Status: A)", "Ernest Pena Jr (Company: 54, Status: A)",
  "Test User (Company: 54, Status: A)", "test-workspace  (Company: 55, Status: P)", "RDV  (Company: 56, Status: A)",
  "joel_upright@yahoo.com  (Company: 58, Status: A)", "RDV  (Company: 59, Status: A)",
  "Ernest Pena Jr (Company: 59, Status: A)"
]
✅ Found 5 roles in database
📤 Sending 5 formatted roles to frontend
✅ Found 0 invites
🔍 [AUTH] Processing request for: GET /api/invites
🔍 Attempting to verify JWT token (length: 327, first 20 chars: eyJhbGciOiJIUzI1NiIs...)
✅ JWT token verified successfully for user: 1176
 [DEBUG] Found 3 users for company 54
✅ Authentication successful for user 1176 in company 54
📧 Fetching invites for company ID: 54
✅ Found 0 invites
🔍 [AUTH] Processing request for: GET /api/users
🔍 Attempting to verify JWT token (length: 327, first 20 chars: eyJhbGciOiJIUzI1NiIs...)
✅ JWT token verified successfully for user: 1176
✅ Authentication successful for user 1176 in company 54
 [DEBUG] Fetching users for company ID: 54
 [DEBUG] Request user info: {
  userId: 1176,
  companyId: 54,
  userRoleIds: [ 6 ],
}
 [DEBUG] Total users in database: 8
 [DEBUG] All users by company: [ "Ernie Pena (Company: 54, Status: A)", "Ernest Pena Jr (Company: 54, Status: A)",
  "Test User (Company: 54, Status: A)", "test-workspace  (Company: 55, Status: P)", "RDV  (Company: 56, Status: A)",
  "joel_upright@yahoo.com  (Company: 58, Status: A)", "RDV  (Company: 59, Status: A)",
  "Ernest Pena Jr (Company: 59, Status: A)"
]
 [DEBUG] Found 3 users for company 54
🔍 [AUTH] Processing request for: DELETE /api/delete-user/1184
🔍 Attempting to verify JWT token (length: 327, first 20 chars: eyJhbGciOiJIUzI1NiIs...)
✅ JWT token verified successfully for user: 1176
✅ Authentication successful for user 1176 in company 54
🗑️ Delete user request for ID: 1184 by user 1176 (company: 54)
✅ User 1184 (Ernie Pena) soft deleted by admin 1176
🔍 [AUTH] Processing request for: GET /api/invites
🔍 Attempting to verify JWT token (length: 327, first 20 chars: eyJhbGciOiJIUzI1NiIs...)
✅ JWT token verified successfully for user: 1176
🎭 Fetching roles from database...
🔍 [AUTH] Processing request for: GET /api/users
🔍 Attempting to verify JWT token (length: 327, first 20 chars: eyJhbGciOiJIUzI1NiIs...)
✅ JWT token verified successfully for user: 1176
✅ Found 5 roles in database
📤 Sending 5 formatted roles to frontend
✅ Authentication successful for user 1176 in company 54
📧 Fetching invites for company ID: 54
✅ Authentication successful for user 1176 in company 54
 [DEBUG] Fetching users for company ID: 54
 [DEBUG] Request user info: {
  userId: 1176,
  companyId: 54,
  userRoleIds: [ 6 ],
}
 [DEBUG] Total users in database: 8
 [DEBUG] All users by company: [ "Ernie Pena (Company: 54, Status: D)", "Ernest Pena Jr (Company: 54, Status: A)",
  "Test User (Company: 54, Status: A)", "test-workspace  (Company: 55, Status: P)", "RDV  (Company: 56, Status: A)",
  "joel_upright@yahoo.com  (Company: 58, Status: A)", "RDV  (Company: 59, Status: A)",
  "Ernest Pena Jr (Company: 59, Status: A)"
]
✅ Found 0 invites
 [DEBUG] Found 2 users for company 54
🔍 [AUTH] Processing request for: DELETE /api/delete-user/1180
🔍 Attempting to verify JWT token (length: 327, first 20 chars: eyJhbGciOiJIUzI1NiIs...)
✅ JWT token verified successfully for user: 1176
✅ Authentication successful for user 1176 in company 54
🗑️ Delete user request for ID: 1180 by user 1176 (company: 54)
✅ User 1180 (Test User) soft deleted by admin 1176
🔍 [AUTH] Processing request for: GET /api/users
🔍 Attempting to verify JWT token (length: 327, first 20 chars: eyJhbGciOiJIUzI1NiIs...)
✅ JWT token verified successfully for user: 1176
🔍 [AUTH] Processing request for: GET /api/invites
🔍 Attempting to verify JWT token (length: 327, first 20 chars: eyJhbGciOiJIUzI1NiIs...)
✅ JWT token verified successfully for user: 1176
🎭 Fetching roles from database...
✅ Authentication successful for user 1176 in company 54
 [DEBUG] Fetching users for company ID: 54
 [DEBUG] Request user info: {
  userId: 1176,
  companyId: 54,
  userRoleIds: [ 6 ],
}
✅ Found 5 roles in database
📤 Sending 5 formatted roles to frontend
✅ Authentication successful for user 1176 in company 54
📧 Fetching invites for company ID: 54
 [DEBUG] Total users in database: 8
 [DEBUG] All users by company: [ "Ernie Pena (Company: 54, Status: D)", "Ernest Pena Jr (Company: 54, Status: A)",
  "Test User (Company: 54, Status: D)", "test-workspace  (Company: 55, Status: P)", "RDV  (Company: 56, Status: A)",
  "joel_upright@yahoo.com  (Company: 58, Status: A)", "RDV  (Company: 59, Status: A)",
  "Ernest Pena Jr (Company: 59, Status: A)"
]
✅ Found 0 invites
 [DEBUG] Found 1 users for company 54
