✅ Email service initialized with Resend
=== GUARDIAN SIMPLE SERVER STARTING ===
Node version: v24.3.0
Environment: development
Port: 3001
Process PID: 10639
Current working directory: /opt/homebrew/var/www/projects/Guardian MVP
📦 Creating Prisma client...
🔑 JWT configured
🔌 Testing database connection...
🔧 Development mode: Static files served by Vite on port 5175
🚀 Starting Express server...
🔧 Development mode: SPA routing handled by Vite dev server
✅ Server running on port 3001
🔧 Development mode: API server only
🌐 Health check: /api/health
🧪 Simple test: /api/simple-test
🎉 Server startup complete!
✅ Database connected successfully
📝 Registration request for: debug-test@example.com
🔍 Found 0 existing users with email: debug-test@example.com
✅ Generated unique military call sign: BRAVO-41
🎖️ Generated unique military call sign for company: BRAVO-41
🔧 Creating new company with call sign: BRAVO-41
🔧 Using company ID: 46
🔧 Creating user with raw SQL for: debug-test@example.com
🔧 Insert result: 2
🔧 Retrieved user after insert: [
  {
    USER_ID: 1168,
  }
]
🔧 Creating company_info for User ID: 1168, Company ID: 46
🔧 Company_info created successfully
🔧 Finding Admin role for user assignment
🔧 Assigning Admin role (1) to user 1168
✅ User created in database with ID: 1168, verification code: 125640
📧 Sending verification email to: debug-test@example.com
✅ Verification email sent successfully: 72b6dbc7-fce1-47f9-9305-b5ff7610839f
🔍 Email verification attempt for: debug-test@example.com
📧 Request body: {
  "email": "debug-test@example.com",
  "verificationCode": "125640"
}
🔍 Looking up most recent unverified user in database for email: debug-test@example.com
✅ Found unverified user - ID: 1168, Email: debug-test@example.com
✅ User found - ID: 1168, Email Validated: false
🔑 Has validation token: true
⏰ Token expiry: Sat Aug 30 2025 19:17:38 GMT-0500 (Central Daylight Time)
🔍 Comparing codes for debug-test@example.com:
📥 Provided code: 125640
🔐 Hashed provided: ce7624d7c32fa5d2177c183eb2aac86a130fd5b0580b09ff9fa24c97cab61c05
💾 Stored hash: ce7624d7c32fa5d2177c183eb2aac86a130fd5b0580b09ff9fa24c97cab61c05
✅ Codes match: true
🔧 Updating user verification status for User ID: 1168
✅ Email verified successfully for: debug-test@example.com
👤 Completing registration for: debug-test@example.com
📋 Complete registration request body: {
  "email": "debug-test@example.com",
  "password": "TestPassword123$",
  "fullName": "Debug Test User",
  "role": "Manager",
  "teamSize": "2-10",
  "companySize": "20-99"
}
✅ Generated unique military call sign: SIERRA-19
🎖️ Generated military call sign: SIERRA-19
✅ Field validation - email: true, password: true, fullName: true, workspaceName: true
🔍 Looking up most recent verified user in database for complete-registration: debug-test@example.com
🔍 DEBUG: Checking ALL users with email debug-test@example.com
🔍 DEBUG: Found 1 total users with this email:
  - User ID: 1168, EMAIL_VALIDATED: true (type: boolean), Status: A, Created: Sat Aug 30 2025 19:02:38 GMT-0500 (Central Daylight Time)
🔍 Looking for verified users (EMAIL_VALIDATED = 1 OR EMAIL_VALIDATED = true)
🔍 Verified users query returned 1 results
✅ Found most recent verified user - ID: 1168, Email: debug-test@example.com, Created: Sat Aug 30 2025 19:02:38 GMT-0500 (Central Daylight Time)
✅ EMAIL_VALIDATED value: true (type: boolean)
✅ Database query successful for user lookup
🔍 Checking user existence for: debug-test@example.com
✅ Most recent verified user found - ID: 1168, Email: debug-test@example.com
📧 Email validated: true
🔐 Has password: true
🏢 Company ID: 46
✅ Email validation confirmed (selected only verified users)
✅ Email validation check passed
ℹ️ User already has password, will update profile information for: debug-test@example.com
✅ Password check passed - ready to update user
🔐 Starting password hashing process
✅ Password hashed successfully
📝 Processing name: Debug Test User
✅ Name parsed - First: Debug, Last: Test User
💾 Starting database update for user ID: 1168
prisma:error 
Invalid `prisma.uSERS.update()` invocation:


An operation failed because it depends on one or more records that were required but not found. No record was found for an update.
❌ Complete registration error: 141 | `)}
142 | 
143 | We suggest to move the contents of ${Je(a)} to ${Je(o)} to consolidate your env vars.
144 | `;throw new Error(c)}else if(r==="warn"){let c=`Conflict for env var${s.length>1?"s":""} ${s.map(l=>be(l)).join(", ")} in ${Je(o)} and ${Je(a)}
145 | Env vars from ${Je(a)} overwrite the ones from ${Je(o)}
146 |       `;console.warn(`${nr("warn(prisma)")} ${c}`)}}}}function kC(t){if(HT(t)){Su(`Environment variables loaded from ${t}`);let e=bu.default.config({path:t,debug:process.env.DOTENV_CONFIG_DEBUG?!0:void 0});return{dotenvResult:xC(e),message:nn(`Environment variables loaded from ${rA.default.relative(process.cwd(),t)}`),path:t}}else Su(`Environment variables not found at ${t}`);return null}function UC(t,e){return t&&e&&rA.default.resolve(t)===rA.default.resolve(e)}function HT(t){return!!(t&&Oo.default.existsSync(t))}function Nu(t,e){return Object.prototype.hasOwnProperty.call(t,e)}function nA(t,e){let r={};for(let n of Object.keys(t))r[n]=e(t[n],n);return r}function Fu(t,e){if(t.length===0)return;let r=t[0];for(let n=1;n<t.length;n++)e(r,t[n])<0&&(r=t[n]);return r}function M(t,e){Object.defineProperty(t,"name",{value:e,configurable:!0})}var LC=new Set,Fi=(t,e,...r)=>{LC.has(t)||(LC.add(t),mu(e,...r))};var Z=class t extends Error{clientVersion;errorCode;retryable;constructor(e,r,n){super(e),this.name="PrismaClie

PrismaClientKnownRequestError: 
Invalid `prisma.uSERS.update()` invocation:


An operation failed because it depends on one or more records that were required but not found. No record was found for an update.
       meta: {
  modelName: "USERS",
  cause: "No record was found for an update.",
},
 clientVersion: "6.11.1",
       code: "P2025"

      at new PrismaClientKnownRequestError (/opt/homebrew/var/www/projects/Guardian MVP/node_modules/@prisma/client/runtime/binary.js:146:1352)
      at handleRequestError (/opt/homebrew/var/www/projects/Guardian MVP/node_modules/@prisma/client/runtime/binary.js:256:7461)
      at handleAndLogRequestError (/opt/homebrew/var/www/projects/Guardian MVP/node_modules/@prisma/client/runtime/binary.js:256:6785)
      at request (/opt/homebrew/var/www/projects/Guardian MVP/node_modules/@prisma/client/runtime/binary.js:256:6492)

