[     199ms] [INFO] %cDownload the React DevTools for a better development experience: https://reactjs.org/link/react-devtools font-weight:bold @ http://localhost:5175/node_modules/.vite/deps/chunk-5MJJNU6A.js?v=e22249a8:21608
[     201ms] [LOG] Environment: development @ http://localhost:5175/src/utils/api.ts:4
[     201ms] [LOG] API_URL configured as: / @ http://localhost:5175/src/utils/api.ts:5
[     201ms] [LOG] Current window location: http://localhost:5175/admin-user-management @ http://localhost:5175/src/utils/api.ts:6
[     236ms] [LOG] [useAuth] Loaded user from localStorage: {id: 1176, userId: 1176, email: ernest@shieldlytics.com, firstName: Ernest, lastName: Pena Jr} @ http://localhost:5175/src/hooks/useAuth.ts:12
[     239ms] [LOG] [useAuth] Loaded user from localStorage: {id: 1176, userId: 1176, email: ernest@shieldlytics.com, firstName: Ernest, lastName: Pena Jr} @ http://localhost:5175/src/hooks/useAuth.ts:12
[     240ms] [LOG] 🔍 [API INTERCEPTOR] Processing request: {url: /api/users, method: get, tokenExists: true, tokenLength: 327, tokenPreview: eyJhbGciOiJIUzI1NiIs...} @ http://localhost:5175/src/utils/api.ts:30
[     240ms] [LOG] ✅ [API INTERCEPTOR] Added Authorization header for: /api/users @ http://localhost:5175/src/utils/api.ts:43
[     240ms] [LOG] 🔍 [API INTERCEPTOR] Processing request: {url: /api/invites, method: get, tokenExists: true, tokenLength: 327, tokenPreview: eyJhbGciOiJIUzI1NiIs...} @ http://localhost:5175/src/utils/api.ts:30
[     240ms] [LOG] ✅ [API INTERCEPTOR] Added Authorization header for: /api/invites @ http://localhost:5175/src/utils/api.ts:43
[     240ms] [LOG] 🔍 [API INTERCEPTOR] Processing request: {url: /api/roles, method: get, tokenExists: true, tokenLength: 327, tokenPreview: eyJhbGciOiJIUzI1NiIs...} @ http://localhost:5175/src/utils/api.ts:30
[     240ms] [LOG] ✅ [API INTERCEPTOR] Added Authorization header for: /api/roles @ http://localhost:5175/src/utils/api.ts:43
[     273ms] [LOG] 🔍 [API INTERCEPTOR] Processing request: {url: /api/users, method: get, tokenExists: true, tokenLength: 327, tokenPreview: eyJhbGciOiJIUzI1NiIs...} @ http://localhost:5175/src/utils/api.ts:30
[     273ms] [LOG] ✅ [API INTERCEPTOR] Added Authorization header for: /api/users @ http://localhost:5175/src/utils/api.ts:43
[     273ms] [LOG] 🔍 [API INTERCEPTOR] Processing request: {url: /api/invites, method: get, tokenExists: true, tokenLength: 327, tokenPreview: eyJhbGciOiJIUzI1NiIs...} @ http://localhost:5175/src/utils/api.ts:30
[     273ms] [LOG] ✅ [API INTERCEPTOR] Added Authorization header for: /api/invites @ http://localhost:5175/src/utils/api.ts:43
[     273ms] [LOG] 🔍 [API INTERCEPTOR] Processing request: {url: /api/roles, method: get, tokenExists: true, tokenLength: 327, tokenPreview: eyJhbGciOiJIUzI1NiIs...} @ http://localhost:5175/src/utils/api.ts:30
[     273ms] [LOG] ✅ [API INTERCEPTOR] Added Authorization header for: /api/roles @ http://localhost:5175/src/utils/api.ts:43
[ 1436518ms] [ERROR] Failed to load resource: the server responded with a status of 500 (Internal Server Error) @ http://localhost:5175/src/App.tsx?t=1775620038094:0
[ 1436520ms] [ERROR] [vite] Failed to reload /src/App.tsx. This could be due to syntax errors or importing non-existent modules. (see errors above) @ http://localhost:5175/src/utils/errorCapture.ts:62
[ 1436525ms] [LOG] 🚨 GUARDIAN_ERROR: Error Captured @ http://localhost:5175/src/utils/errorCapture.ts:147
[ 1436525ms] [ERROR] GUARDIAN_ERROR - Main Error: Console Error: [vite] Failed to reload /src/App.tsx. This could be due to syntax errors or importing non-existent modules. (see errors above) @ http://localhost:5175/src/utils/errorCapture.ts:148
[ 1436525ms] [LOG] GUARDIAN_ERROR - Page: admin-user-management @ http://localhost:5175/src/utils/errorCapture.ts:149
[ 1436525ms] [LOG] GUARDIAN_ERROR - Function: console @ http://localhost:5175/src/utils/errorCapture.ts:150
[ 1436525ms] [LOG] GUARDIAN_ERROR - Line: 0 @ http://localhost:5175/src/utils/errorCapture.ts:151
[ 1476503ms] [INFO] %cDownload the React DevTools for a better development experience: https://reactjs.org/link/react-devtools font-weight:bold @ http://localhost:5175/node_modules/.vite/deps/chunk-5MJJNU6A.js?v=e22249a8:21608
[ 1476512ms] [LOG] Environment: development @ http://localhost:5175/src/utils/api.ts:4
[ 1476512ms] [LOG] API_URL configured as: / @ http://localhost:5175/src/utils/api.ts:5
[ 1476512ms] [LOG] Current window location: http://localhost:5175/admin-user-management @ http://localhost:5175/src/utils/api.ts:6
[ 1476614ms] [LOG] [useAuth] Loaded user from localStorage: {id: 1176, userId: 1176, email: ernest@shieldlytics.com, firstName: Ernest, lastName: Pena Jr} @ http://localhost:5175/src/hooks/useAuth.ts:12
[ 1476704ms] [LOG] [useAuth] Loaded user from localStorage: {id: 1176, userId: 1176, email: ernest@shieldlytics.com, firstName: Ernest, lastName: Pena Jr} @ http://localhost:5175/src/hooks/useAuth.ts:12
[ 1476706ms] [LOG] 🔍 [API INTERCEPTOR] Processing request: {url: /api/users, method: get, tokenExists: true, tokenLength: 327, tokenPreview: eyJhbGciOiJIUzI1NiIs...} @ http://localhost:5175/src/utils/api.ts:30
[ 1476706ms] [LOG] ✅ [API INTERCEPTOR] Added Authorization header for: /api/users @ http://localhost:5175/src/utils/api.ts:43
[ 1476706ms] [LOG] 🔍 [API INTERCEPTOR] Processing request: {url: /api/invites, method: get, tokenExists: true, tokenLength: 327, tokenPreview: eyJhbGciOiJIUzI1NiIs...} @ http://localhost:5175/src/utils/api.ts:30
[ 1476706ms] [LOG] ✅ [API INTERCEPTOR] Added Authorization header for: /api/invites @ http://localhost:5175/src/utils/api.ts:43
[ 1476706ms] [LOG] 🔍 [API INTERCEPTOR] Processing request: {url: /api/roles, method: get, tokenExists: true, tokenLength: 327, tokenPreview: eyJhbGciOiJIUzI1NiIs...} @ http://localhost:5175/src/utils/api.ts:30
[ 1476706ms] [LOG] ✅ [API INTERCEPTOR] Added Authorization header for: /api/roles @ http://localhost:5175/src/utils/api.ts:43
[ 1476706ms] [LOG] 🔍 [API INTERCEPTOR] Processing request: {url: /api/users, method: get, tokenExists: true, tokenLength: 327, tokenPreview: eyJhbGciOiJIUzI1NiIs...} @ http://localhost:5175/src/utils/api.ts:30
[ 1476706ms] [LOG] ✅ [API INTERCEPTOR] Added Authorization header for: /api/users @ http://localhost:5175/src/utils/api.ts:43
[ 1476706ms] [LOG] 🔍 [API INTERCEPTOR] Processing request: {url: /api/invites, method: get, tokenExists: true, tokenLength: 327, tokenPreview: eyJhbGciOiJIUzI1NiIs...} @ http://localhost:5175/src/utils/api.ts:30
[ 1476706ms] [LOG] ✅ [API INTERCEPTOR] Added Authorization header for: /api/invites @ http://localhost:5175/src/utils/api.ts:43
[ 1476706ms] [LOG] 🔍 [API INTERCEPTOR] Processing request: {url: /api/roles, method: get, tokenExists: true, tokenLength: 327, tokenPreview: eyJhbGciOiJIUzI1NiIs...} @ http://localhost:5175/src/utils/api.ts:30
[ 1476706ms] [LOG] ✅ [API INTERCEPTOR] Added Authorization header for: /api/roles @ http://localhost:5175/src/utils/api.ts:43
[ 1571379ms] [LOG] [useAuth] Loaded user from localStorage: {id: 1176, userId: 1176, email: ernest@shieldlytics.com, firstName: Ernest, lastName: Pena Jr} @ http://localhost:5175/src/hooks/useAuth.ts:12
[ 1571380ms] [LOG] 🔍 [API INTERCEPTOR] Processing request: {url: /api/users, method: get, tokenExists: true, tokenLength: 327, tokenPreview: eyJhbGciOiJIUzI1NiIs...} @ http://localhost:5175/src/utils/api.ts:30
[ 1571380ms] [LOG] ✅ [API INTERCEPTOR] Added Authorization header for: /api/users @ http://localhost:5175/src/utils/api.ts:43
[ 1571380ms] [LOG] 🔍 [API INTERCEPTOR] Processing request: {url: /api/invites, method: get, tokenExists: true, tokenLength: 327, tokenPreview: eyJhbGciOiJIUzI1NiIs...} @ http://localhost:5175/src/utils/api.ts:30
[ 1571380ms] [LOG] ✅ [API INTERCEPTOR] Added Authorization header for: /api/invites @ http://localhost:5175/src/utils/api.ts:43
[ 1571380ms] [LOG] 🔍 [API INTERCEPTOR] Processing request: {url: /api/roles, method: get, tokenExists: true, tokenLength: 327, tokenPreview: eyJhbGciOiJIUzI1NiIs...} @ http://localhost:5175/src/utils/api.ts:30
[ 1571380ms] [LOG] ✅ [API INTERCEPTOR] Added Authorization header for: /api/roles @ http://localhost:5175/src/utils/api.ts:43
[ 1571383ms] [LOG] 🔍 [API INTERCEPTOR] Processing request: {url: /api/users, method: get, tokenExists: true, tokenLength: 327, tokenPreview: eyJhbGciOiJIUzI1NiIs...} @ http://localhost:5175/src/utils/api.ts:30
[ 1571383ms] [LOG] ✅ [API INTERCEPTOR] Added Authorization header for: /api/users @ http://localhost:5175/src/utils/api.ts:43
[ 1571383ms] [LOG] 🔍 [API INTERCEPTOR] Processing request: {url: /api/invites, method: get, tokenExists: true, tokenLength: 327, tokenPreview: eyJhbGciOiJIUzI1NiIs...} @ http://localhost:5175/src/utils/api.ts:30
[ 1571383ms] [LOG] ✅ [API INTERCEPTOR] Added Authorization header for: /api/invites @ http://localhost:5175/src/utils/api.ts:43
[ 1571383ms] [LOG] 🔍 [API INTERCEPTOR] Processing request: {url: /api/roles, method: get, tokenExists: true, tokenLength: 327, tokenPreview: eyJhbGciOiJIUzI1NiIs...} @ http://localhost:5175/src/utils/api.ts:30
[ 1571383ms] [LOG] ✅ [API INTERCEPTOR] Added Authorization header for: /api/roles @ http://localhost:5175/src/utils/api.ts:43
[ 1574616ms] [LOG] [useAuth] Loaded user from localStorage: {id: 1176, userId: 1176, email: ernest@shieldlytics.com, firstName: Ernest, lastName: Pena Jr} @ http://localhost:5175/src/hooks/useAuth.ts:12
[ 1574616ms] [LOG] 🔍 [API INTERCEPTOR] Processing request: {url: /api/users, method: get, tokenExists: true, tokenLength: 327, tokenPreview: eyJhbGciOiJIUzI1NiIs...} @ http://localhost:5175/src/utils/api.ts:30
[ 1574616ms] [LOG] ✅ [API INTERCEPTOR] Added Authorization header for: /api/users @ http://localhost:5175/src/utils/api.ts:43
[ 1574616ms] [LOG] 🔍 [API INTERCEPTOR] Processing request: {url: /api/invites, method: get, tokenExists: true, tokenLength: 327, tokenPreview: eyJhbGciOiJIUzI1NiIs...} @ http://localhost:5175/src/utils/api.ts:30
[ 1574616ms] [LOG] ✅ [API INTERCEPTOR] Added Authorization header for: /api/invites @ http://localhost:5175/src/utils/api.ts:43
[ 1574616ms] [LOG] 🔍 [API INTERCEPTOR] Processing request: {url: /api/roles, method: get, tokenExists: true, tokenLength: 327, tokenPreview: eyJhbGciOiJIUzI1NiIs...} @ http://localhost:5175/src/utils/api.ts:30
[ 1574616ms] [LOG] ✅ [API INTERCEPTOR] Added Authorization header for: /api/roles @ http://localhost:5175/src/utils/api.ts:43
[ 1574618ms] [LOG] 🔍 [API INTERCEPTOR] Processing request: {url: /api/users, method: get, tokenExists: true, tokenLength: 327, tokenPreview: eyJhbGciOiJIUzI1NiIs...} @ http://localhost:5175/src/utils/api.ts:30
[ 1574618ms] [LOG] ✅ [API INTERCEPTOR] Added Authorization header for: /api/users @ http://localhost:5175/src/utils/api.ts:43
[ 1574618ms] [LOG] 🔍 [API INTERCEPTOR] Processing request: {url: /api/invites, method: get, tokenExists: true, tokenLength: 327, tokenPreview: eyJhbGciOiJIUzI1NiIs...} @ http://localhost:5175/src/utils/api.ts:30
[ 1574618ms] [LOG] ✅ [API INTERCEPTOR] Added Authorization header for: /api/invites @ http://localhost:5175/src/utils/api.ts:43
[ 1574618ms] [LOG] 🔍 [API INTERCEPTOR] Processing request: {url: /api/roles, method: get, tokenExists: true, tokenLength: 327, tokenPreview: eyJhbGciOiJIUzI1NiIs...} @ http://localhost:5175/src/utils/api.ts:30
[ 1574618ms] [LOG] ✅ [API INTERCEPTOR] Added Authorization header for: /api/roles @ http://localhost:5175/src/utils/api.ts:43
[ 1588446ms] [LOG] [useAuth] Loaded user from localStorage: {id: 1176, userId: 1176, email: ernest@shieldlytics.com, firstName: Ernest, lastName: Pena Jr} @ http://localhost:5175/src/hooks/useAuth.ts:12
[ 1588447ms] [LOG] 🔍 [API INTERCEPTOR] Processing request: {url: /api/users, method: get, tokenExists: true, tokenLength: 327, tokenPreview: eyJhbGciOiJIUzI1NiIs...} @ http://localhost:5175/src/utils/api.ts:30
[ 1588447ms] [LOG] ✅ [API INTERCEPTOR] Added Authorization header for: /api/users @ http://localhost:5175/src/utils/api.ts:43
[ 1588447ms] [LOG] 🔍 [API INTERCEPTOR] Processing request: {url: /api/invites, method: get, tokenExists: true, tokenLength: 327, tokenPreview: eyJhbGciOiJIUzI1NiIs...} @ http://localhost:5175/src/utils/api.ts:30
[ 1588447ms] [LOG] ✅ [API INTERCEPTOR] Added Authorization header for: /api/invites @ http://localhost:5175/src/utils/api.ts:43
[ 1588447ms] [LOG] 🔍 [API INTERCEPTOR] Processing request: {url: /api/roles, method: get, tokenExists: true, tokenLength: 327, tokenPreview: eyJhbGciOiJIUzI1NiIs...} @ http://localhost:5175/src/utils/api.ts:30
[ 1588447ms] [LOG] ✅ [API INTERCEPTOR] Added Authorization header for: /api/roles @ http://localhost:5175/src/utils/api.ts:43
[ 1588448ms] [LOG] 🔍 [API INTERCEPTOR] Processing request: {url: /api/users, method: get, tokenExists: true, tokenLength: 327, tokenPreview: eyJhbGciOiJIUzI1NiIs...} @ http://localhost:5175/src/utils/api.ts:30
[ 1588448ms] [LOG] ✅ [API INTERCEPTOR] Added Authorization header for: /api/users @ http://localhost:5175/src/utils/api.ts:43
[ 1588448ms] [LOG] 🔍 [API INTERCEPTOR] Processing request: {url: /api/invites, method: get, tokenExists: true, tokenLength: 327, tokenPreview: eyJhbGciOiJIUzI1NiIs...} @ http://localhost:5175/src/utils/api.ts:30
[ 1588448ms] [LOG] ✅ [API INTERCEPTOR] Added Authorization header for: /api/invites @ http://localhost:5175/src/utils/api.ts:43
[ 1588448ms] [LOG] 🔍 [API INTERCEPTOR] Processing request: {url: /api/roles, method: get, tokenExists: true, tokenLength: 327, tokenPreview: eyJhbGciOiJIUzI1NiIs...} @ http://localhost:5175/src/utils/api.ts:30
[ 1588448ms] [LOG] ✅ [API INTERCEPTOR] Added Authorization header for: /api/roles @ http://localhost:5175/src/utils/api.ts:43
