[     558ms] [INFO] %cDownload the React DevTools for a better development experience: https://reactjs.org/link/react-devtools font-weight:bold @ http://localhost:5175/node_modules/.vite/deps/chunk-5MJJNU6A.js?v=e22249a8:21608
[     560ms] [LOG] Environment: development @ http://localhost:5175/src/utils/api.ts:4
[     560ms] [LOG] API_URL configured as: / @ http://localhost:5175/src/utils/api.ts:5
[     560ms] [LOG] Current window location: http://localhost:5175/requests-dashboard @ http://localhost:5175/src/utils/api.ts:6
[     594ms] [LOG] [useAuth] Loaded user from localStorage: {id: 1176, userId: 1176, email: ernest@shieldlytics.com, firstName: Ernest, lastName: Pena Jr} @ http://localhost:5175/src/hooks/useAuth.ts:12
[     600ms] [WARNING] styled-components: it looks like an unknown prop "grow" is being sent through to the DOM, which will likely trigger a React console error. If you would like automatic filtering of unknown props, you can opt-into that behavior via `<StyleSheetManager shouldForwardProp={...}>` (connect an API like `@emotion/is-prop-valid`) or consider using transient props (`$` prefix for automatic filtering.) @ http://localhost:5175/node_modules/.vite/deps/react-data-table-component.js?v=e22249a8:1267
[     603ms] [LOG] 🎯 ===== NewRequestModal RENDER ===== @ http://localhost:5175/src/pages/NewRequestModal.tsx:32
[     603ms] [LOG] 🎯 isOpen: false @ http://localhost:5175/src/pages/NewRequestModal.tsx:33
[     603ms] [LOG] 🎯 isTemplateForm: false @ http://localhost:5175/src/pages/NewRequestModal.tsx:34
[     603ms] [LOG] 🎯 initialFormData: null @ http://localhost:5175/src/pages/NewRequestModal.tsx:35
[     603ms] [LOG] 🎯 step: 0 @ http://localhost:5175/src/pages/NewRequestModal.tsx:36
[     603ms] [LOG] 🎯 ===== MODAL IS CLOSED - NOT RENDERING ===== @ http://localhost:5175/src/pages/NewRequestModal.tsx:342
[     639ms] [LOG] [useAuth] Loaded user from localStorage: {id: 1176, userId: 1176, email: ernest@shieldlytics.com, firstName: Ernest, lastName: Pena Jr} @ http://localhost:5175/src/hooks/useAuth.ts:12
[     639ms] [LOG] [useAuth] Loaded user from localStorage: {id: 1176, userId: 1176, email: ernest@shieldlytics.com, firstName: Ernest, lastName: Pena Jr} @ http://localhost:5175/src/hooks/useAuth.ts:12
[     640ms] [LOG] [2026-04-08T11:19:48.010Z] fetchRequests called - refreshing request data @ http://localhost:5175/src/pages/RequestDashboard.tsx?t=1775620968774:144
[     640ms] [LOG] Current requests state: 0 requests @ http://localhost:5175/src/pages/RequestDashboard.tsx?t=1775620968774:145
[     640ms] [LOG] [2026-04-08T11:19:48.010Z] Fetching requests from API... @ http://localhost:5175/src/pages/RequestDashboard.tsx?t=1775620968774:149
[     640ms] [LOG] [2026-04-08T11:19:48.012Z] fetchRequests called - refreshing request data @ http://localhost:5175/src/pages/RequestDashboard.tsx?t=1775620968774:144
[     640ms] [LOG] Current requests state: 0 requests @ http://localhost:5175/src/pages/RequestDashboard.tsx?t=1775620968774:145
[     640ms] [LOG] [2026-04-08T11:19:48.012Z] Fetching requests from API... @ http://localhost:5175/src/pages/RequestDashboard.tsx?t=1775620968774:149
[     640ms] [LOG] [MODAL STATE] showFormFulfillmentModal changed to: false @ http://localhost:5175/src/pages/RequestDashboard.tsx?t=1775620968774:138
[     640ms] [LOG] [MODAL STATE] fulfillmentFormData: NULL @ http://localhost:5175/src/pages/RequestDashboard.tsx?t=1775620968774:139
[     640ms] [LOG] [MODAL STATE] selectedRequest: NONE @ http://localhost:5175/src/pages/RequestDashboard.tsx?t=1775620968774:140
[     643ms] [LOG] 🎯 ===== NewRequestModal RENDER ===== @ http://localhost:5175/src/pages/NewRequestModal.tsx:32
[     643ms] [LOG] 🎯 isOpen: false @ http://localhost:5175/src/pages/NewRequestModal.tsx:33
[     643ms] [LOG] 🎯 isTemplateForm: false @ http://localhost:5175/src/pages/NewRequestModal.tsx:34
[     643ms] [LOG] 🎯 initialFormData: null @ http://localhost:5175/src/pages/NewRequestModal.tsx:35
[     643ms] [LOG] 🎯 step: 0 @ http://localhost:5175/src/pages/NewRequestModal.tsx:36
[     643ms] [LOG] 🎯 ===== MODAL IS CLOSED - NOT RENDERING ===== @ http://localhost:5175/src/pages/NewRequestModal.tsx:342
[     644ms] [LOG] 🔍 [API INTERCEPTOR] Processing request: {url: /api/requests, method: get, tokenExists: true, tokenLength: 327, tokenPreview: eyJhbGciOiJIUzI1NiIs...} @ http://localhost:5175/src/utils/api.ts:30
[     644ms] [LOG] ✅ [API INTERCEPTOR] Added Authorization header for: /api/requests @ http://localhost:5175/src/utils/api.ts:43
[     644ms] [LOG] 🔍 [API INTERCEPTOR] Processing request: {url: /api/requests, method: get, tokenExists: true, tokenLength: 327, tokenPreview: eyJhbGciOiJIUzI1NiIs...} @ http://localhost:5175/src/utils/api.ts:30
[     644ms] [LOG] ✅ [API INTERCEPTOR] Added Authorization header for: /api/requests @ http://localhost:5175/src/utils/api.ts:43
[     736ms] [LOG] [2026-04-08T11:19:48.108Z] fetchRequests called - refreshing request data @ http://localhost:5175/src/pages/RequestDashboard.tsx?t=1775620968774:144
[     736ms] [LOG] Current requests state: 0 requests @ http://localhost:5175/src/pages/RequestDashboard.tsx?t=1775620968774:145
[     736ms] [LOG] [2026-04-08T11:19:48.108Z] Fetching requests from API... @ http://localhost:5175/src/pages/RequestDashboard.tsx?t=1775620968774:149
[     737ms] [LOG] 🔄 Fetching assigned requests for user: 1176 @ http://localhost:5175/src/pages/RequestDashboard.tsx?t=1775620968774:713
[     738ms] [LOG] 🎯 ===== NewRequestModal RENDER ===== @ http://localhost:5175/src/pages/NewRequestModal.tsx:32
[     738ms] [LOG] 🎯 isOpen: false @ http://localhost:5175/src/pages/NewRequestModal.tsx:33
[     738ms] [LOG] 🎯 isTemplateForm: false @ http://localhost:5175/src/pages/NewRequestModal.tsx:34
[     738ms] [LOG] 🎯 initialFormData: null @ http://localhost:5175/src/pages/NewRequestModal.tsx:35
[     738ms] [LOG] 🎯 step: 0 @ http://localhost:5175/src/pages/NewRequestModal.tsx:36
[     738ms] [LOG] 🎯 ===== MODAL IS CLOSED - NOT RENDERING ===== @ http://localhost:5175/src/pages/NewRequestModal.tsx:342
[     740ms] [LOG] 🔍 [API INTERCEPTOR] Processing request: {url: /api/requests, method: get, tokenExists: true, tokenLength: 327, tokenPreview: eyJhbGciOiJIUzI1NiIs...} @ http://localhost:5175/src/utils/api.ts:30
[     740ms] [LOG] ✅ [API INTERCEPTOR] Added Authorization header for: /api/requests @ http://localhost:5175/src/utils/api.ts:43
[     740ms] [LOG] 🔍 [API INTERCEPTOR] Processing request: {url: /api/requests/assigned/me, method: get, tokenExists: true, tokenLength: 327, tokenPreview: eyJhbGciOiJIUzI1NiIs...} @ http://localhost:5175/src/utils/api.ts:30
[     740ms] [LOG] ✅ [API INTERCEPTOR] Added Authorization header for: /api/requests/assigned/me @ http://localhost:5175/src/utils/api.ts:43
[     800ms] [LOG] [2026-04-08T11:19:48.010Z] Requests fetched successfully: 15 requests @ http://localhost:5175/src/pages/RequestDashboard.tsx?t=1775620968774:151
[     800ms] [LOG] First few requests: [Object, Object, Object] @ http://localhost:5175/src/pages/RequestDashboard.tsx?t=1775620968774:152
[     800ms] [LOG] [FRONTEND] Request FORM_IDs: [Object, Object, Object, Object, Object] @ http://localhost:5175/src/pages/RequestDashboard.tsx?t=1775620968774:154
[     800ms] [LOG] [2026-04-08T11:19:48.010Z] Data comparison: {currentRequestCount: 0, newRequestCount: 15, hasNewRequests: true, hasDifferentAssignments: false} @ http://localhost:5175/src/pages/RequestDashboard.tsx?t=1775620968774:169
[     800ms] [LOG] [2026-04-08T11:19:48.010Z] Setting requests state with new data @ http://localhost:5175/src/pages/RequestDashboard.tsx?t=1775620968774:175
[     800ms] [LOG] [2026-04-08T11:19:48.010Z] State update queued @ http://localhost:5175/src/pages/RequestDashboard.tsx?t=1775620968774:177
[     800ms] [LOG] [2026-04-08T11:19:48.010Z] Loading state set to false @ http://localhost:5175/src/pages/RequestDashboard.tsx?t=1775620968774:184
[     809ms] [LOG] 🎯 ===== NewRequestModal RENDER ===== @ http://localhost:5175/src/pages/NewRequestModal.tsx:32
[     809ms] [LOG] 🎯 isOpen: false @ http://localhost:5175/src/pages/NewRequestModal.tsx:33
[     809ms] [LOG] 🎯 isTemplateForm: false @ http://localhost:5175/src/pages/NewRequestModal.tsx:34
[     809ms] [LOG] 🎯 initialFormData: null @ http://localhost:5175/src/pages/NewRequestModal.tsx:35
[     809ms] [LOG] 🎯 step: 0 @ http://localhost:5175/src/pages/NewRequestModal.tsx:36
[     809ms] [LOG] 🎯 ===== MODAL IS CLOSED - NOT RENDERING ===== @ http://localhost:5175/src/pages/NewRequestModal.tsx:342
[     839ms] [LOG] 📥 Assigned requests response: [Object, Object, Object, Object] @ http://localhost:5175/src/pages/RequestDashboard.tsx?t=1775620968774:715
[     840ms] [LOG] ✅ Assigned requests loaded successfully: 4 requests @ http://localhost:5175/src/pages/RequestDashboard.tsx?t=1775620968774:723
[     845ms] [LOG] 🎯 ===== NewRequestModal RENDER ===== @ http://localhost:5175/src/pages/NewRequestModal.tsx:32
[     845ms] [LOG] 🎯 isOpen: false @ http://localhost:5175/src/pages/NewRequestModal.tsx:33
[     845ms] [LOG] 🎯 isTemplateForm: false @ http://localhost:5175/src/pages/NewRequestModal.tsx:34
[     846ms] [LOG] 🎯 initialFormData: null @ http://localhost:5175/src/pages/NewRequestModal.tsx:35
[     846ms] [LOG] 🎯 step: 0 @ http://localhost:5175/src/pages/NewRequestModal.tsx:36
[     846ms] [LOG] 🎯 ===== MODAL IS CLOSED - NOT RENDERING ===== @ http://localhost:5175/src/pages/NewRequestModal.tsx:342
[     950ms] [LOG] [2026-04-08T11:19:48.012Z] Requests fetched successfully: 15 requests @ http://localhost:5175/src/pages/RequestDashboard.tsx?t=1775620968774:151
[     950ms] [LOG] First few requests: [Object, Object, Object] @ http://localhost:5175/src/pages/RequestDashboard.tsx?t=1775620968774:152
[     950ms] [LOG] [FRONTEND] Request FORM_IDs: [Object, Object, Object, Object, Object] @ http://localhost:5175/src/pages/RequestDashboard.tsx?t=1775620968774:154
[     950ms] [LOG] [2026-04-08T11:19:48.012Z] Data comparison: {currentRequestCount: 0, newRequestCount: 15, hasNewRequests: true, hasDifferentAssignments: false} @ http://localhost:5175/src/pages/RequestDashboard.tsx?t=1775620968774:169
[     950ms] [LOG] [2026-04-08T11:19:48.012Z] Setting requests state with new data @ http://localhost:5175/src/pages/RequestDashboard.tsx?t=1775620968774:175
[     950ms] [LOG] [2026-04-08T11:19:48.012Z] State update queued @ http://localhost:5175/src/pages/RequestDashboard.tsx?t=1775620968774:177
[     950ms] [LOG] [2026-04-08T11:19:48.012Z] Loading state set to false @ http://localhost:5175/src/pages/RequestDashboard.tsx?t=1775620968774:184
[     955ms] [LOG] 🎯 ===== NewRequestModal RENDER ===== @ http://localhost:5175/src/pages/NewRequestModal.tsx:32
[     955ms] [LOG] 🎯 isOpen: false @ http://localhost:5175/src/pages/NewRequestModal.tsx:33
[     955ms] [LOG] 🎯 isTemplateForm: false @ http://localhost:5175/src/pages/NewRequestModal.tsx:34
[     955ms] [LOG] 🎯 initialFormData: null @ http://localhost:5175/src/pages/NewRequestModal.tsx:35
[     955ms] [LOG] 🎯 step: 0 @ http://localhost:5175/src/pages/NewRequestModal.tsx:36
[     955ms] [LOG] 🎯 ===== MODAL IS CLOSED - NOT RENDERING ===== @ http://localhost:5175/src/pages/NewRequestModal.tsx:342
[    1098ms] [LOG] [2026-04-08T11:19:48.108Z] Requests fetched successfully: 15 requests @ http://localhost:5175/src/pages/RequestDashboard.tsx?t=1775620968774:151
[    1099ms] [LOG] First few requests: [Object, Object, Object] @ http://localhost:5175/src/pages/RequestDashboard.tsx?t=1775620968774:152
[    1099ms] [LOG] [FRONTEND] Request FORM_IDs: [Object, Object, Object, Object, Object] @ http://localhost:5175/src/pages/RequestDashboard.tsx?t=1775620968774:154
[    1099ms] [LOG] [2026-04-08T11:19:48.108Z] Data comparison: {currentRequestCount: 0, newRequestCount: 15, hasNewRequests: true, hasDifferentAssignments: false} @ http://localhost:5175/src/pages/RequestDashboard.tsx?t=1775620968774:169
[    1099ms] [LOG] [2026-04-08T11:19:48.108Z] Setting requests state with new data @ http://localhost:5175/src/pages/RequestDashboard.tsx?t=1775620968774:175
[    1099ms] [LOG] [2026-04-08T11:19:48.108Z] State update queued @ http://localhost:5175/src/pages/RequestDashboard.tsx?t=1775620968774:177
[    1099ms] [LOG] [2026-04-08T11:19:48.108Z] Loading state set to false @ http://localhost:5175/src/pages/RequestDashboard.tsx?t=1775620968774:184
[    1103ms] [LOG] 🎯 ===== NewRequestModal RENDER ===== @ http://localhost:5175/src/pages/NewRequestModal.tsx:32
[    1103ms] [LOG] 🎯 isOpen: false @ http://localhost:5175/src/pages/NewRequestModal.tsx:33
[    1103ms] [LOG] 🎯 isTemplateForm: false @ http://localhost:5175/src/pages/NewRequestModal.tsx:34
[    1103ms] [LOG] 🎯 initialFormData: null @ http://localhost:5175/src/pages/NewRequestModal.tsx:35
[    1103ms] [LOG] 🎯 step: 0 @ http://localhost:5175/src/pages/NewRequestModal.tsx:36
[    1103ms] [LOG] 🎯 ===== MODAL IS CLOSED - NOT RENDERING ===== @ http://localhost:5175/src/pages/NewRequestModal.tsx:342
[    4574ms] [LOG] 🎯 ===== NewRequestModal RENDER ===== @ http://localhost:5175/src/pages/NewRequestModal.tsx:32
[    4574ms] [LOG] 🎯 isOpen: false @ http://localhost:5175/src/pages/NewRequestModal.tsx:33
[    4574ms] [LOG] 🎯 isTemplateForm: false @ http://localhost:5175/src/pages/NewRequestModal.tsx:34
[    4574ms] [LOG] 🎯 initialFormData: null @ http://localhost:5175/src/pages/NewRequestModal.tsx:35
[    4574ms] [LOG] 🎯 step: 0 @ http://localhost:5175/src/pages/NewRequestModal.tsx:36
[    4574ms] [LOG] 🎯 ===== MODAL IS CLOSED - NOT RENDERING ===== @ http://localhost:5175/src/pages/NewRequestModal.tsx:342
[    4583ms] [LOG] [useAuth] Loaded user from localStorage: {id: 1176, userId: 1176, email: ernest@shieldlytics.com, firstName: Ernest, lastName: Pena Jr} @ http://localhost:5175/src/hooks/useAuth.ts:12
[    4584ms] [LOG] [MODAL STATE] showFormFulfillmentModal changed to: false @ http://localhost:5175/src/pages/RequestDashboard.tsx?t=1775620968774:138
[    4584ms] [LOG] [MODAL STATE] fulfillmentFormData: NULL @ http://localhost:5175/src/pages/RequestDashboard.tsx?t=1775620968774:139
[    4584ms] [LOG] [MODAL STATE] selectedRequest: 261 @ http://localhost:5175/src/pages/RequestDashboard.tsx?t=1775620968774:140
[    4585ms] [LOG] 🔍 [API INTERCEPTOR] Processing request: {url: /api/requests/261/form, method: get, tokenExists: true, tokenLength: 327, tokenPreview: eyJhbGciOiJIUzI1NiIs...} @ http://localhost:5175/src/utils/api.ts:30
[    4585ms] [LOG] ✅ [API INTERCEPTOR] Added Authorization header for: /api/requests/261/form @ http://localhost:5175/src/utils/api.ts:43
[    4585ms] [LOG] 🔍 [API INTERCEPTOR] Processing request: {url: /api/requests/261/tasks, method: get, tokenExists: true, tokenLength: 327, tokenPreview: eyJhbGciOiJIUzI1NiIs...} @ http://localhost:5175/src/utils/api.ts:30
[    4585ms] [LOG] ✅ [API INTERCEPTOR] Added Authorization header for: /api/requests/261/tasks @ http://localhost:5175/src/utils/api.ts:43
[    4585ms] [LOG] 🔍 [API INTERCEPTOR] Processing request: {url: /api/requests/261/attachments, method: get, tokenExists: true, tokenLength: 327, tokenPreview: eyJhbGciOiJIUzI1NiIs...} @ http://localhost:5175/src/utils/api.ts:30
[    4585ms] [LOG] ✅ [API INTERCEPTOR] Added Authorization header for: /api/requests/261/attachments @ http://localhost:5175/src/utils/api.ts:43
[    4585ms] [LOG] 🔍 [API INTERCEPTOR] Processing request: {url: /api/requests, method: get, tokenExists: true, tokenLength: 327, tokenPreview: eyJhbGciOiJIUzI1NiIs...} @ http://localhost:5175/src/utils/api.ts:30
[    4585ms] [LOG] ✅ [API INTERCEPTOR] Added Authorization header for: /api/requests @ http://localhost:5175/src/utils/api.ts:43
[    4585ms] [LOG] 🔍 [API INTERCEPTOR] Processing request: {url: /api/requests/261/milestones, method: get, tokenExists: true, tokenLength: 327, tokenPreview: eyJhbGciOiJIUzI1NiIs...} @ http://localhost:5175/src/utils/api.ts:30
[    4585ms] [LOG] ✅ [API INTERCEPTOR] Added Authorization header for: /api/requests/261/milestones @ http://localhost:5175/src/utils/api.ts:43
[    4597ms] [LOG] 🔍 [API INTERCEPTOR] Processing request: {url: /api/users, method: get, tokenExists: true, tokenLength: 327, tokenPreview: eyJhbGciOiJIUzI1NiIs...} @ http://localhost:5175/src/utils/api.ts:30
[    4597ms] [LOG] ✅ [API INTERCEPTOR] Added Authorization header for: /api/users @ http://localhost:5175/src/utils/api.ts:43
