[     340ms] [INFO] %cDownload the React DevTools for a better development experience: https://reactjs.org/link/react-devtools font-weight:bold @ http://localhost:5175/node_modules/.vite/deps/chunk-5MJJNU6A.js?v=a652b935:21608
[     342ms] [LOG] Environment: development @ http://localhost:5175/src/utils/api.ts:4
[     342ms] [LOG] API_URL configured as: / @ http://localhost:5175/src/utils/api.ts:5
[     342ms] [LOG] Current window location: http://localhost:5175/form-builder/new @ http://localhost:5175/src/utils/api.ts:6
[     384ms] [LOG] [useAuth] No user found in localStorage @ http://localhost:5175/src/hooks/useAuth.ts:15
[     564ms] [VERBOSE] [DOM] Input elements should have autocomplete attributes (suggested: "current-password"): (More info: https://goo.gl/9p2vKq) %o @ http://localhost:5175/login:0
[   41091ms] [ERROR] Failed to load resource: the server responded with a status of 401 (Unauthorized) @ http://localhost:5175/api/login:0
[   41092ms] [ERROR] [API] Request failed: {url: /api/login, method: post, status: 401, statusText: Unauthorized, data: Object} @ http://localhost:5175/src/utils/errorCapture.ts:62
[   41095ms] [LOG] 🚨 GUARDIAN_ERROR: Error Captured @ http://localhost:5175/src/utils/errorCapture.ts:147
[   41095ms] [ERROR] GUARDIAN_ERROR - Main Error: API Error: Request failed with status code 401 @ http://localhost:5175/src/utils/errorCapture.ts:148
[   41095ms] [LOG] GUARDIAN_ERROR - Page: Login @ http://localhost:5175/src/utils/errorCapture.ts:149
[   41095ms] [LOG] GUARDIAN_ERROR - Function: settle @ http://localhost:5175/src/utils/errorCapture.ts:150
[   41095ms] [LOG] GUARDIAN_ERROR - Line: 0 @ http://localhost:5175/src/utils/errorCapture.ts:151
[   41095ms] [ERROR] Login error: AxiosError @ http://localhost:5175/src/utils/errorCapture.ts:62
[   41095ms] [ERROR] Full error object: {
  "message": "Request failed with status code 401",
  "name": "AxiosError",
  "stack": "AxiosError: Request failed with status code 401\n    at settle (http://localhost:5175/node_modules/.vite/deps/axios.js?v=3dcbbad9:1232:12)\n    at XMLHttpRequest.onloadend (http://localhost:5175/node_modules/.vite/deps/axios.js?v=3dcbbad9:1564:7)\n    at Axios.request (http://localhost:5175/node_modules/.vite/deps/axios.js?v=3dcbbad9:2122:41)\n    at async handleSubmit (http://localhost:5175/src/pages/Login.tsx:159:24)",
  "config": {
    "transitional": {
      "silentJSONParsing": true,
      "forcedJSONParsing": true,
      "clarifyTimeoutError": false
    },
    "adapter": [
      "xhr",
      "http",
      "fetch"
    ],
    "transformRequest": [
      null
    ],
    "transformResponse": [
      null
    ],
    "timeout": 0,
    "xsrfCookieName": "XSRF-TOKEN",
    "xsrfHeaderName": "X-XSRF-TOKEN",
    "maxContentLength": -1,
    "maxBodyLength": -1,
    "env": {},
    "headers": {
      "Accept": "application/json, text/plain, */*",
      "Content-Type": "application/json"
    },
    "baseURL": "/",
    "method": "post",
    "url": "/api/login",
    "data": "{\"email\":\"ernest@shieldlytics.com\",\"password\":\"Sh13ldlyt1c$\"}",
    "allowAbsoluteUrls": true
  },
  "code": "ERR_BAD_REQUEST",
  "status": 401
} @ http://localhost:5175/src/utils/errorCapture.ts:62
[   41095ms] [ERROR] Error response data: {error: Invalid email or password} @ http://localhost:5175/src/utils/errorCapture.ts:62
[   41096ms] [ERROR] Error status: 401 @ http://localhost:5175/src/utils/errorCapture.ts:62
