[     536ms] [INFO] %cDownload the React DevTools for a better development experience: https://reactjs.org/link/react-devtools font-weight:bold @ http://localhost:5175/node_modules/.vite/deps/chunk-5MJJNU6A.js?v=e22249a8:21608
[     537ms] [LOG] Environment: development @ http://localhost:5175/src/utils/api.ts:4
[     537ms] [LOG] API_URL configured as: / @ http://localhost:5175/src/utils/api.ts:5
[     537ms] [LOG] Current window location: http://localhost:5175/requests-dashboard @ http://localhost:5175/src/utils/api.ts:6
[     568ms] [LOG] [useAuth] Loaded user from localStorage: {id: 1176, userId: 1176, email: ernest@shieldlytics.com, firstName: Ernest, lastName: Pena Jr} @ http://localhost:5175/src/hooks/useAuth.ts:12
[     572ms] [WARNING] styled-components: it looks like an unknown prop "grow" is being sent through to the DOM, which will likely trigger a React console error. If you would like automatic filtering of unknown props, you can opt-into that behavior via `<StyleSheetManager shouldForwardProp={...}>` (connect an API like `@emotion/is-prop-valid`) or consider using transient props (`$` prefix for automatic filtering.) @ http://localhost:5175/node_modules/.vite/deps/react-data-table-component.js?v=e22249a8:1267
[     573ms] [LOG] 🎯 ===== NewRequestModal RENDER ===== @ http://localhost:5175/src/pages/NewRequestModal.tsx:32
[     573ms] [LOG] 🎯 isOpen: false @ http://localhost:5175/src/pages/NewRequestModal.tsx:33
[     573ms] [LOG] 🎯 isTemplateForm: false @ http://localhost:5175/src/pages/NewRequestModal.tsx:34
[     573ms] [LOG] 🎯 initialFormData: null @ http://localhost:5175/src/pages/NewRequestModal.tsx:35
[     573ms] [LOG] 🎯 step: 0 @ http://localhost:5175/src/pages/NewRequestModal.tsx:36
[     574ms] [LOG] 🎯 ===== MODAL IS CLOSED - NOT RENDERING ===== @ http://localhost:5175/src/pages/NewRequestModal.tsx:342
[     603ms] [LOG] [useAuth] Loaded user from localStorage: {id: 1176, userId: 1176, email: ernest@shieldlytics.com, firstName: Ernest, lastName: Pena Jr} @ http://localhost:5175/src/hooks/useAuth.ts:12
[     603ms] [LOG] [useAuth] Loaded user from localStorage: {id: 1176, userId: 1176, email: ernest@shieldlytics.com, firstName: Ernest, lastName: Pena Jr} @ http://localhost:5175/src/hooks/useAuth.ts:12
[     603ms] [LOG] [2026-04-08T03:54:40.654Z] fetchRequests called - refreshing request data @ http://localhost:5175/src/pages/RequestDashboard.tsx?t=1775620440297:144
[     603ms] [LOG] Current requests state: 0 requests @ http://localhost:5175/src/pages/RequestDashboard.tsx?t=1775620440297:145
[     603ms] [LOG] [2026-04-08T03:54:40.654Z] Fetching requests from API... @ http://localhost:5175/src/pages/RequestDashboard.tsx?t=1775620440297:149
[     603ms] [LOG] [2026-04-08T03:54:40.654Z] fetchRequests called - refreshing request data @ http://localhost:5175/src/pages/RequestDashboard.tsx?t=1775620440297:144
[     604ms] [LOG] Current requests state: 0 requests @ http://localhost:5175/src/pages/RequestDashboard.tsx?t=1775620440297:145
[     604ms] [LOG] [2026-04-08T03:54:40.654Z] Fetching requests from API... @ http://localhost:5175/src/pages/RequestDashboard.tsx?t=1775620440297:149
[     604ms] [LOG] [MODAL STATE] showFormFulfillmentModal changed to: false @ http://localhost:5175/src/pages/RequestDashboard.tsx?t=1775620440297:138
[     604ms] [LOG] [MODAL STATE] fulfillmentFormData: NULL @ http://localhost:5175/src/pages/RequestDashboard.tsx?t=1775620440297:139
[     604ms] [LOG] [MODAL STATE] selectedRequest: NONE @ http://localhost:5175/src/pages/RequestDashboard.tsx?t=1775620440297:140
[     606ms] [LOG] 🎯 ===== NewRequestModal RENDER ===== @ http://localhost:5175/src/pages/NewRequestModal.tsx:32
[     606ms] [LOG] 🎯 isOpen: false @ http://localhost:5175/src/pages/NewRequestModal.tsx:33
[     606ms] [LOG] 🎯 isTemplateForm: false @ http://localhost:5175/src/pages/NewRequestModal.tsx:34
[     606ms] [LOG] 🎯 initialFormData: null @ http://localhost:5175/src/pages/NewRequestModal.tsx:35
[     606ms] [LOG] 🎯 step: 0 @ http://localhost:5175/src/pages/NewRequestModal.tsx:36
[     606ms] [LOG] 🎯 ===== MODAL IS CLOSED - NOT RENDERING ===== @ http://localhost:5175/src/pages/NewRequestModal.tsx:342
[     609ms] [LOG] [2026-04-08T03:54:40.660Z] fetchRequests called - refreshing request data @ http://localhost:5175/src/pages/RequestDashboard.tsx?t=1775620440297:144
[     609ms] [LOG] Current requests state: 0 requests @ http://localhost:5175/src/pages/RequestDashboard.tsx?t=1775620440297:145
[     609ms] [LOG] [2026-04-08T03:54:40.660Z] Fetching requests from API... @ http://localhost:5175/src/pages/RequestDashboard.tsx?t=1775620440297:149
[     609ms] [LOG] 🔄 Fetching assigned requests for user: 1176 @ http://localhost:5175/src/pages/RequestDashboard.tsx?t=1775620440297:713
[     609ms] [LOG] 🔍 [API INTERCEPTOR] Processing request: {url: /api/requests, method: get, tokenExists: true, tokenLength: 327, tokenPreview: eyJhbGciOiJIUzI1NiIs...} @ http://localhost:5175/src/utils/api.ts:30
[     609ms] [LOG] ✅ [API INTERCEPTOR] Added Authorization header for: /api/requests @ http://localhost:5175/src/utils/api.ts:43
[     609ms] [LOG] 🔍 [API INTERCEPTOR] Processing request: {url: /api/requests, method: get, tokenExists: true, tokenLength: 327, tokenPreview: eyJhbGciOiJIUzI1NiIs...} @ http://localhost:5175/src/utils/api.ts:30
[     609ms] [LOG] ✅ [API INTERCEPTOR] Added Authorization header for: /api/requests @ http://localhost:5175/src/utils/api.ts:43
[     609ms] [LOG] 🔍 [API INTERCEPTOR] Processing request: {url: /api/requests, method: get, tokenExists: true, tokenLength: 327, tokenPreview: eyJhbGciOiJIUzI1NiIs...} @ http://localhost:5175/src/utils/api.ts:30
[     610ms] [LOG] ✅ [API INTERCEPTOR] Added Authorization header for: /api/requests @ http://localhost:5175/src/utils/api.ts:43
[     610ms] [LOG] 🔍 [API INTERCEPTOR] Processing request: {url: /api/requests/assigned/me, method: get, tokenExists: true, tokenLength: 327, tokenPreview: eyJhbGciOiJIUzI1NiIs...} @ http://localhost:5175/src/utils/api.ts:30
[     610ms] [LOG] ✅ [API INTERCEPTOR] Added Authorization header for: /api/requests/assigned/me @ http://localhost:5175/src/utils/api.ts:43
[     706ms] [LOG] 🎯 ===== NewRequestModal RENDER ===== @ http://localhost:5175/src/pages/NewRequestModal.tsx:32
[     706ms] [LOG] 🎯 isOpen: false @ http://localhost:5175/src/pages/NewRequestModal.tsx:33
[     706ms] [LOG] 🎯 isTemplateForm: false @ http://localhost:5175/src/pages/NewRequestModal.tsx:34
[     706ms] [LOG] 🎯 initialFormData: null @ http://localhost:5175/src/pages/NewRequestModal.tsx:35
[     706ms] [LOG] 🎯 step: 0 @ http://localhost:5175/src/pages/NewRequestModal.tsx:36
[     706ms] [LOG] 🎯 ===== MODAL IS CLOSED - NOT RENDERING ===== @ http://localhost:5175/src/pages/NewRequestModal.tsx:342
[     778ms] [LOG] 📥 Assigned requests response: [Object, Object, Object, Object] @ http://localhost:5175/src/pages/RequestDashboard.tsx?t=1775620440297:715
[     778ms] [LOG] ✅ Assigned requests loaded successfully: 4 requests @ http://localhost:5175/src/pages/RequestDashboard.tsx?t=1775620440297:723
[     784ms] [LOG] 🎯 ===== NewRequestModal RENDER ===== @ http://localhost:5175/src/pages/NewRequestModal.tsx:32
[     784ms] [LOG] 🎯 isOpen: false @ http://localhost:5175/src/pages/NewRequestModal.tsx:33
[     784ms] [LOG] 🎯 isTemplateForm: false @ http://localhost:5175/src/pages/NewRequestModal.tsx:34
[     784ms] [LOG] 🎯 initialFormData: null @ http://localhost:5175/src/pages/NewRequestModal.tsx:35
[     784ms] [LOG] 🎯 step: 0 @ http://localhost:5175/src/pages/NewRequestModal.tsx:36
[     784ms] [LOG] 🎯 ===== MODAL IS CLOSED - NOT RENDERING ===== @ http://localhost:5175/src/pages/NewRequestModal.tsx:342
[     819ms] [LOG] [2026-04-08T03:54:40.654Z] Requests fetched successfully: 15 requests @ http://localhost:5175/src/pages/RequestDashboard.tsx?t=1775620440297:151
[     819ms] [LOG] First few requests: [Object, Object, Object] @ http://localhost:5175/src/pages/RequestDashboard.tsx?t=1775620440297:152
[     819ms] [LOG] [FRONTEND] Request FORM_IDs: [Object, Object, Object, Object, Object] @ http://localhost:5175/src/pages/RequestDashboard.tsx?t=1775620440297:154
[     819ms] [LOG] [2026-04-08T03:54:40.654Z] Data comparison: {currentRequestCount: 0, newRequestCount: 15, hasNewRequests: true, hasDifferentAssignments: false} @ http://localhost:5175/src/pages/RequestDashboard.tsx?t=1775620440297:169
[     819ms] [LOG] [2026-04-08T03:54:40.654Z] Setting requests state with new data @ http://localhost:5175/src/pages/RequestDashboard.tsx?t=1775620440297:175
[     819ms] [LOG] [2026-04-08T03:54:40.654Z] State update queued @ http://localhost:5175/src/pages/RequestDashboard.tsx?t=1775620440297:177
[     819ms] [LOG] [2026-04-08T03:54:40.654Z] Loading state set to false @ http://localhost:5175/src/pages/RequestDashboard.tsx?t=1775620440297:184
[     825ms] [LOG] 🎯 ===== NewRequestModal RENDER ===== @ http://localhost:5175/src/pages/NewRequestModal.tsx:32
[     825ms] [LOG] 🎯 isOpen: false @ http://localhost:5175/src/pages/NewRequestModal.tsx:33
[     825ms] [LOG] 🎯 isTemplateForm: false @ http://localhost:5175/src/pages/NewRequestModal.tsx:34
[     825ms] [LOG] 🎯 initialFormData: null @ http://localhost:5175/src/pages/NewRequestModal.tsx:35
[     825ms] [LOG] 🎯 step: 0 @ http://localhost:5175/src/pages/NewRequestModal.tsx:36
[     825ms] [LOG] 🎯 ===== MODAL IS CLOSED - NOT RENDERING ===== @ http://localhost:5175/src/pages/NewRequestModal.tsx:342
[     948ms] [LOG] [2026-04-08T03:54:40.654Z] Requests fetched successfully: 15 requests @ http://localhost:5175/src/pages/RequestDashboard.tsx?t=1775620440297:151
[     948ms] [LOG] First few requests: [Object, Object, Object] @ http://localhost:5175/src/pages/RequestDashboard.tsx?t=1775620440297:152
[     948ms] [LOG] [FRONTEND] Request FORM_IDs: [Object, Object, Object, Object, Object] @ http://localhost:5175/src/pages/RequestDashboard.tsx?t=1775620440297:154
[     948ms] [LOG] [2026-04-08T03:54:40.654Z] Data comparison: {currentRequestCount: 0, newRequestCount: 15, hasNewRequests: true, hasDifferentAssignments: false} @ http://localhost:5175/src/pages/RequestDashboard.tsx?t=1775620440297:169
[     948ms] [LOG] [2026-04-08T03:54:40.654Z] Setting requests state with new data @ http://localhost:5175/src/pages/RequestDashboard.tsx?t=1775620440297:175
[     948ms] [LOG] [2026-04-08T03:54:40.654Z] State update queued @ http://localhost:5175/src/pages/RequestDashboard.tsx?t=1775620440297:177
[     948ms] [LOG] [2026-04-08T03:54:40.654Z] Loading state set to false @ http://localhost:5175/src/pages/RequestDashboard.tsx?t=1775620440297:184
[     953ms] [LOG] 🎯 ===== NewRequestModal RENDER ===== @ http://localhost:5175/src/pages/NewRequestModal.tsx:32
[     953ms] [LOG] 🎯 isOpen: false @ http://localhost:5175/src/pages/NewRequestModal.tsx:33
[     953ms] [LOG] 🎯 isTemplateForm: false @ http://localhost:5175/src/pages/NewRequestModal.tsx:34
[     953ms] [LOG] 🎯 initialFormData: null @ http://localhost:5175/src/pages/NewRequestModal.tsx:35
[     953ms] [LOG] 🎯 step: 0 @ http://localhost:5175/src/pages/NewRequestModal.tsx:36
[     953ms] [LOG] 🎯 ===== MODAL IS CLOSED - NOT RENDERING ===== @ http://localhost:5175/src/pages/NewRequestModal.tsx:342
[    1079ms] [LOG] [2026-04-08T03:54:40.660Z] Requests fetched successfully: 15 requests @ http://localhost:5175/src/pages/RequestDashboard.tsx?t=1775620440297:151
[    1079ms] [LOG] First few requests: [Object, Object, Object] @ http://localhost:5175/src/pages/RequestDashboard.tsx?t=1775620440297:152
[    1079ms] [LOG] [FRONTEND] Request FORM_IDs: [Object, Object, Object, Object, Object] @ http://localhost:5175/src/pages/RequestDashboard.tsx?t=1775620440297:154
[    1079ms] [LOG] [2026-04-08T03:54:40.660Z] Data comparison: {currentRequestCount: 0, newRequestCount: 15, hasNewRequests: true, hasDifferentAssignments: false} @ http://localhost:5175/src/pages/RequestDashboard.tsx?t=1775620440297:169
[    1079ms] [LOG] [2026-04-08T03:54:40.660Z] Setting requests state with new data @ http://localhost:5175/src/pages/RequestDashboard.tsx?t=1775620440297:175
[    1079ms] [LOG] [2026-04-08T03:54:40.660Z] State update queued @ http://localhost:5175/src/pages/RequestDashboard.tsx?t=1775620440297:177
[    1079ms] [LOG] [2026-04-08T03:54:40.660Z] Loading state set to false @ http://localhost:5175/src/pages/RequestDashboard.tsx?t=1775620440297:184
[    1084ms] [LOG] 🎯 ===== NewRequestModal RENDER ===== @ http://localhost:5175/src/pages/NewRequestModal.tsx:32
[    1084ms] [LOG] 🎯 isOpen: false @ http://localhost:5175/src/pages/NewRequestModal.tsx:33
[    1084ms] [LOG] 🎯 isTemplateForm: false @ http://localhost:5175/src/pages/NewRequestModal.tsx:34
[    1084ms] [LOG] 🎯 initialFormData: null @ http://localhost:5175/src/pages/NewRequestModal.tsx:35
[    1084ms] [LOG] 🎯 step: 0 @ http://localhost:5175/src/pages/NewRequestModal.tsx:36
[    1084ms] [LOG] 🎯 ===== MODAL IS CLOSED - NOT RENDERING ===== @ http://localhost:5175/src/pages/NewRequestModal.tsx:342
[   16189ms] [LOG] 🎯 ===== NewRequestModal RENDER ===== @ http://localhost:5175/src/pages/NewRequestModal.tsx:32
[   16189ms] [LOG] 🎯 isOpen: false @ http://localhost:5175/src/pages/NewRequestModal.tsx:33
[   16189ms] [LOG] 🎯 isTemplateForm: false @ http://localhost:5175/src/pages/NewRequestModal.tsx:34
[   16189ms] [LOG] 🎯 initialFormData: null @ http://localhost:5175/src/pages/NewRequestModal.tsx:35
[   16189ms] [LOG] 🎯 step: 0 @ http://localhost:5175/src/pages/NewRequestModal.tsx:36
[   16189ms] [LOG] 🎯 ===== MODAL IS CLOSED - NOT RENDERING ===== @ http://localhost:5175/src/pages/NewRequestModal.tsx:342
[   16198ms] [LOG] [useAuth] Loaded user from localStorage: {id: 1176, userId: 1176, email: ernest@shieldlytics.com, firstName: Ernest, lastName: Pena Jr} @ http://localhost:5175/src/hooks/useAuth.ts:12
[   16199ms] [LOG] [MODAL STATE] showFormFulfillmentModal changed to: false @ http://localhost:5175/src/pages/RequestDashboard.tsx?t=1775620440297:138
[   16199ms] [LOG] [MODAL STATE] fulfillmentFormData: NULL @ http://localhost:5175/src/pages/RequestDashboard.tsx?t=1775620440297:139
[   16199ms] [LOG] [MODAL STATE] selectedRequest: 290 @ http://localhost:5175/src/pages/RequestDashboard.tsx?t=1775620440297:140
[   16201ms] [LOG] 🔍 [API INTERCEPTOR] Processing request: {url: /api/requests/290/form, method: get, tokenExists: true, tokenLength: 327, tokenPreview: eyJhbGciOiJIUzI1NiIs...} @ http://localhost:5175/src/utils/api.ts:30
[   16201ms] [LOG] ✅ [API INTERCEPTOR] Added Authorization header for: /api/requests/290/form @ http://localhost:5175/src/utils/api.ts:43
[   16201ms] [LOG] 🔍 [API INTERCEPTOR] Processing request: {url: /api/requests/290/tasks, method: get, tokenExists: true, tokenLength: 327, tokenPreview: eyJhbGciOiJIUzI1NiIs...} @ http://localhost:5175/src/utils/api.ts:30
[   16201ms] [LOG] ✅ [API INTERCEPTOR] Added Authorization header for: /api/requests/290/tasks @ http://localhost:5175/src/utils/api.ts:43
[   16201ms] [LOG] 🔍 [API INTERCEPTOR] Processing request: {url: /api/requests/290/attachments, method: get, tokenExists: true, tokenLength: 327, tokenPreview: eyJhbGciOiJIUzI1NiIs...} @ http://localhost:5175/src/utils/api.ts:30
[   16201ms] [LOG] ✅ [API INTERCEPTOR] Added Authorization header for: /api/requests/290/attachments @ http://localhost:5175/src/utils/api.ts:43
[   16201ms] [LOG] 🔍 [API INTERCEPTOR] Processing request: {url: /api/requests, method: get, tokenExists: true, tokenLength: 327, tokenPreview: eyJhbGciOiJIUzI1NiIs...} @ http://localhost:5175/src/utils/api.ts:30
[   16201ms] [LOG] ✅ [API INTERCEPTOR] Added Authorization header for: /api/requests @ http://localhost:5175/src/utils/api.ts:43
[   16201ms] [LOG] 🔍 [API INTERCEPTOR] Processing request: {url: /api/requests/290/milestones, method: get, tokenExists: true, tokenLength: 327, tokenPreview: eyJhbGciOiJIUzI1NiIs...} @ http://localhost:5175/src/utils/api.ts:30
[   16201ms] [LOG] ✅ [API INTERCEPTOR] Added Authorization header for: /api/requests/290/milestones @ http://localhost:5175/src/utils/api.ts:43
[   16215ms] [LOG] 🔍 [API INTERCEPTOR] Processing request: {url: /api/users, method: get, tokenExists: true, tokenLength: 327, tokenPreview: eyJhbGciOiJIUzI1NiIs...} @ http://localhost:5175/src/utils/api.ts:30
[   16215ms] [LOG] ✅ [API INTERCEPTOR] Added Authorization header for: /api/users @ http://localhost:5175/src/utils/api.ts:43
[   44418ms] [LOG] Modal onHide callback triggered @ http://localhost:5175/src/pages/RequestDashboard.tsx?t=1775620440297:1355
[   44418ms] [LOG] Forcing refresh of both request lists after modal close @ http://localhost:5175/src/pages/RequestDashboard.tsx?t=1775620440297:1358
[   44423ms] [LOG] 🎯 ===== NewRequestModal RENDER ===== @ http://localhost:5175/src/pages/NewRequestModal.tsx:32
[   44423ms] [LOG] 🎯 isOpen: false @ http://localhost:5175/src/pages/NewRequestModal.tsx:33
[   44423ms] [LOG] 🎯 isTemplateForm: false @ http://localhost:5175/src/pages/NewRequestModal.tsx:34
[   44423ms] [LOG] 🎯 initialFormData: null @ http://localhost:5175/src/pages/NewRequestModal.tsx:35
[   44423ms] [LOG] 🎯 step: 0 @ http://localhost:5175/src/pages/NewRequestModal.tsx:36
[   44423ms] [LOG] 🎯 ===== MODAL IS CLOSED - NOT RENDERING ===== @ http://localhost:5175/src/pages/NewRequestModal.tsx:342
[   44427ms] [LOG] [MODAL STATE] showFormFulfillmentModal changed to: false @ http://localhost:5175/src/pages/RequestDashboard.tsx?t=1775620440297:138
[   44427ms] [LOG] [MODAL STATE] fulfillmentFormData: NULL @ http://localhost:5175/src/pages/RequestDashboard.tsx?t=1775620440297:139
[   44427ms] [LOG] [MODAL STATE] selectedRequest: NONE @ http://localhost:5175/src/pages/RequestDashboard.tsx?t=1775620440297:140
[   44720ms] [LOG] [2026-04-08T03:55:24.771Z] fetchRequests called - refreshing request data @ http://localhost:5175/src/pages/RequestDashboard.tsx?t=1775620440297:144
[   44720ms] [LOG] Current requests state: 15 requests @ http://localhost:5175/src/pages/RequestDashboard.tsx?t=1775620440297:145
[   44720ms] [LOG] [2026-04-08T03:55:24.771Z] Fetching requests from API... @ http://localhost:5175/src/pages/RequestDashboard.tsx?t=1775620440297:149
[   44721ms] [LOG] 🔄 Fetching assigned requests for user: 1176 @ http://localhost:5175/src/pages/RequestDashboard.tsx?t=1775620440297:713
[   44721ms] [LOG] 🔍 [API INTERCEPTOR] Processing request: {url: /api/requests, method: get, tokenExists: true, tokenLength: 327, tokenPreview: eyJhbGciOiJIUzI1NiIs...} @ http://localhost:5175/src/utils/api.ts:30
[   44721ms] [LOG] ✅ [API INTERCEPTOR] Added Authorization header for: /api/requests @ http://localhost:5175/src/utils/api.ts:43
[   44721ms] [LOG] 🔍 [API INTERCEPTOR] Processing request: {url: /api/requests/assigned/me, method: get, tokenExists: true, tokenLength: 327, tokenPreview: eyJhbGciOiJIUzI1NiIs...} @ http://localhost:5175/src/utils/api.ts:30
[   44721ms] [LOG] ✅ [API INTERCEPTOR] Added Authorization header for: /api/requests/assigned/me @ http://localhost:5175/src/utils/api.ts:43
[   44812ms] [LOG] 📥 Assigned requests response: [Object, Object, Object, Object] @ http://localhost:5175/src/pages/RequestDashboard.tsx?t=1775620440297:715
[   44813ms] [LOG] ✅ Assigned requests loaded successfully: 4 requests @ http://localhost:5175/src/pages/RequestDashboard.tsx?t=1775620440297:723
[   44898ms] [LOG] [2026-04-08T03:55:24.771Z] Requests fetched successfully: 15 requests @ http://localhost:5175/src/pages/RequestDashboard.tsx?t=1775620440297:151
[   44898ms] [LOG] First few requests: [Object, Object, Object] @ http://localhost:5175/src/pages/RequestDashboard.tsx?t=1775620440297:152
[   44898ms] [LOG] [FRONTEND] Request FORM_IDs: [Object, Object, Object, Object, Object] @ http://localhost:5175/src/pages/RequestDashboard.tsx?t=1775620440297:154
[   44898ms] [LOG] [2026-04-08T03:55:24.771Z] Data comparison: {currentRequestCount: 15, newRequestCount: 15, hasNewRequests: false, hasDifferentAssignments: false} @ http://localhost:5175/src/pages/RequestDashboard.tsx?t=1775620440297:169
[   44898ms] [LOG] [2026-04-08T03:55:24.771Z] Setting requests state with new data @ http://localhost:5175/src/pages/RequestDashboard.tsx?t=1775620440297:175
[   44899ms] [LOG] [2026-04-08T03:55:24.771Z] State update queued @ http://localhost:5175/src/pages/RequestDashboard.tsx?t=1775620440297:177
[   44899ms] [LOG] [2026-04-08T03:55:24.771Z] Loading state set to false @ http://localhost:5175/src/pages/RequestDashboard.tsx?t=1775620440297:184
[   44899ms] [LOG] ✅ Modal close refresh completed @ http://localhost:5175/src/pages/RequestDashboard.tsx?t=1775620440297:1367
[   86423ms] [LOG] 🎯 ===== NewRequestModal RENDER ===== @ http://localhost:5175/src/pages/NewRequestModal.tsx:32
[   86423ms] [LOG] 🎯 isOpen: false @ http://localhost:5175/src/pages/NewRequestModal.tsx:33
[   86423ms] [LOG] 🎯 isTemplateForm: false @ http://localhost:5175/src/pages/NewRequestModal.tsx:34
[   86423ms] [LOG] 🎯 initialFormData: null @ http://localhost:5175/src/pages/NewRequestModal.tsx:35
[   86423ms] [LOG] 🎯 step: 0 @ http://localhost:5175/src/pages/NewRequestModal.tsx:36
[   86423ms] [LOG] 🎯 ===== MODAL IS CLOSED - NOT RENDERING ===== @ http://localhost:5175/src/pages/NewRequestModal.tsx:342
[   86428ms] [LOG] [useAuth] Loaded user from localStorage: {id: 1176, userId: 1176, email: ernest@shieldlytics.com, firstName: Ernest, lastName: Pena Jr} @ http://localhost:5175/src/hooks/useAuth.ts:12
[   86428ms] [LOG] [useAuth] Loaded user from localStorage: {id: 1176, userId: 1176, email: ernest@shieldlytics.com, firstName: Ernest, lastName: Pena Jr} @ http://localhost:5175/src/hooks/useAuth.ts:12
[   86428ms] [LOG] [2026-04-08T03:56:06.479Z] fetchRequests called - refreshing request data @ http://localhost:5175/src/pages/RequestDashboard.tsx?t=1775620440297:144
[   86428ms] [LOG] Current requests state: 0 requests @ http://localhost:5175/src/pages/RequestDashboard.tsx?t=1775620440297:145
[   86428ms] [LOG] [2026-04-08T03:56:06.479Z] Fetching requests from API... @ http://localhost:5175/src/pages/RequestDashboard.tsx?t=1775620440297:149
[   86429ms] [LOG] [2026-04-08T03:56:06.479Z] fetchRequests called - refreshing request data @ http://localhost:5175/src/pages/RequestDashboard.tsx?t=1775620440297:144
[   86429ms] [LOG] Current requests state: 0 requests @ http://localhost:5175/src/pages/RequestDashboard.tsx?t=1775620440297:145
[   86429ms] [LOG] [2026-04-08T03:56:06.479Z] Fetching requests from API... @ http://localhost:5175/src/pages/RequestDashboard.tsx?t=1775620440297:149
[   86429ms] [LOG] [MODAL STATE] showFormFulfillmentModal changed to: false @ http://localhost:5175/src/pages/RequestDashboard.tsx?t=1775620440297:138
[   86429ms] [LOG] [MODAL STATE] fulfillmentFormData: NULL @ http://localhost:5175/src/pages/RequestDashboard.tsx?t=1775620440297:139
[   86429ms] [LOG] [MODAL STATE] selectedRequest: NONE @ http://localhost:5175/src/pages/RequestDashboard.tsx?t=1775620440297:140
[   86430ms] [LOG] 🎯 ===== NewRequestModal RENDER ===== @ http://localhost:5175/src/pages/NewRequestModal.tsx:32
[   86431ms] [LOG] 🎯 isOpen: false @ http://localhost:5175/src/pages/NewRequestModal.tsx:33
[   86431ms] [LOG] 🎯 isTemplateForm: false @ http://localhost:5175/src/pages/NewRequestModal.tsx:34
[   86431ms] [LOG] 🎯 initialFormData: null @ http://localhost:5175/src/pages/NewRequestModal.tsx:35
[   86431ms] [LOG] 🎯 step: 0 @ http://localhost:5175/src/pages/NewRequestModal.tsx:36
[   86431ms] [LOG] 🎯 ===== MODAL IS CLOSED - NOT RENDERING ===== @ http://localhost:5175/src/pages/NewRequestModal.tsx:342
[   86431ms] [LOG] 🔍 [API INTERCEPTOR] Processing request: {url: /api/requests, method: get, tokenExists: true, tokenLength: 327, tokenPreview: eyJhbGciOiJIUzI1NiIs...} @ http://localhost:5175/src/utils/api.ts:30
[   86431ms] [LOG] ✅ [API INTERCEPTOR] Added Authorization header for: /api/requests @ http://localhost:5175/src/utils/api.ts:43
[   86431ms] [LOG] 🔍 [API INTERCEPTOR] Processing request: {url: /api/requests, method: get, tokenExists: true, tokenLength: 327, tokenPreview: eyJhbGciOiJIUzI1NiIs...} @ http://localhost:5175/src/utils/api.ts:30
[   86431ms] [LOG] ✅ [API INTERCEPTOR] Added Authorization header for: /api/requests @ http://localhost:5175/src/utils/api.ts:43
[   86435ms] [LOG] [2026-04-08T03:56:06.486Z] fetchRequests called - refreshing request data @ http://localhost:5175/src/pages/RequestDashboard.tsx?t=1775620440297:144
[   86435ms] [LOG] Current requests state: 0 requests @ http://localhost:5175/src/pages/RequestDashboard.tsx?t=1775620440297:145
[   86435ms] [LOG] [2026-04-08T03:56:06.486Z] Fetching requests from API... @ http://localhost:5175/src/pages/RequestDashboard.tsx?t=1775620440297:149
[   86435ms] [LOG] 🔄 Fetching assigned requests for user: 1176 @ http://localhost:5175/src/pages/RequestDashboard.tsx?t=1775620440297:713
[   86438ms] [LOG] 🎯 ===== NewRequestModal RENDER ===== @ http://localhost:5175/src/pages/NewRequestModal.tsx:32
[   86438ms] [LOG] 🎯 isOpen: false @ http://localhost:5175/src/pages/NewRequestModal.tsx:33
[   86438ms] [LOG] 🎯 isTemplateForm: false @ http://localhost:5175/src/pages/NewRequestModal.tsx:34
[   86438ms] [LOG] 🎯 initialFormData: null @ http://localhost:5175/src/pages/NewRequestModal.tsx:35
[   86438ms] [LOG] 🎯 step: 0 @ http://localhost:5175/src/pages/NewRequestModal.tsx:36
[   86438ms] [LOG] 🎯 ===== MODAL IS CLOSED - NOT RENDERING ===== @ http://localhost:5175/src/pages/NewRequestModal.tsx:342
[   86439ms] [LOG] 🔍 [API INTERCEPTOR] Processing request: {url: /api/requests, method: get, tokenExists: true, tokenLength: 327, tokenPreview: eyJhbGciOiJIUzI1NiIs...} @ http://localhost:5175/src/utils/api.ts:30
[   86440ms] [LOG] ✅ [API INTERCEPTOR] Added Authorization header for: /api/requests @ http://localhost:5175/src/utils/api.ts:43
[   86440ms] [LOG] 🔍 [API INTERCEPTOR] Processing request: {url: /api/requests/assigned/me, method: get, tokenExists: true, tokenLength: 327, tokenPreview: eyJhbGciOiJIUzI1NiIs...} @ http://localhost:5175/src/utils/api.ts:30
[   86440ms] [LOG] ✅ [API INTERCEPTOR] Added Authorization header for: /api/requests/assigned/me @ http://localhost:5175/src/utils/api.ts:43
[   86530ms] [LOG] 📥 Assigned requests response: [Object, Object, Object, Object] @ http://localhost:5175/src/pages/RequestDashboard.tsx?t=1775620440297:715
[   86530ms] [LOG] ✅ Assigned requests loaded successfully: 4 requests @ http://localhost:5175/src/pages/RequestDashboard.tsx?t=1775620440297:723
[   86534ms] [LOG] 🎯 ===== NewRequestModal RENDER ===== @ http://localhost:5175/src/pages/NewRequestModal.tsx:32
[   86534ms] [LOG] 🎯 isOpen: false @ http://localhost:5175/src/pages/NewRequestModal.tsx:33
[   86534ms] [LOG] 🎯 isTemplateForm: false @ http://localhost:5175/src/pages/NewRequestModal.tsx:34
[   86534ms] [LOG] 🎯 initialFormData: null @ http://localhost:5175/src/pages/NewRequestModal.tsx:35
[   86534ms] [LOG] 🎯 step: 0 @ http://localhost:5175/src/pages/NewRequestModal.tsx:36
[   86534ms] [LOG] 🎯 ===== MODAL IS CLOSED - NOT RENDERING ===== @ http://localhost:5175/src/pages/NewRequestModal.tsx:342
[   86582ms] [LOG] [2026-04-08T03:56:06.479Z] Requests fetched successfully: 15 requests @ http://localhost:5175/src/pages/RequestDashboard.tsx?t=1775620440297:151
[   86582ms] [LOG] First few requests: [Object, Object, Object] @ http://localhost:5175/src/pages/RequestDashboard.tsx?t=1775620440297:152
[   86582ms] [LOG] [FRONTEND] Request FORM_IDs: [Object, Object, Object, Object, Object] @ http://localhost:5175/src/pages/RequestDashboard.tsx?t=1775620440297:154
[   86582ms] [LOG] [2026-04-08T03:56:06.479Z] Data comparison: {currentRequestCount: 0, newRequestCount: 15, hasNewRequests: true, hasDifferentAssignments: false} @ http://localhost:5175/src/pages/RequestDashboard.tsx?t=1775620440297:169
[   86582ms] [LOG] [2026-04-08T03:56:06.479Z] Setting requests state with new data @ http://localhost:5175/src/pages/RequestDashboard.tsx?t=1775620440297:175
[   86582ms] [LOG] [2026-04-08T03:56:06.479Z] State update queued @ http://localhost:5175/src/pages/RequestDashboard.tsx?t=1775620440297:177
[   86582ms] [LOG] [2026-04-08T03:56:06.479Z] Loading state set to false @ http://localhost:5175/src/pages/RequestDashboard.tsx?t=1775620440297:184
[   86588ms] [LOG] 🎯 ===== NewRequestModal RENDER ===== @ http://localhost:5175/src/pages/NewRequestModal.tsx:32
[   86588ms] [LOG] 🎯 isOpen: false @ http://localhost:5175/src/pages/NewRequestModal.tsx:33
[   86588ms] [LOG] 🎯 isTemplateForm: false @ http://localhost:5175/src/pages/NewRequestModal.tsx:34
[   86588ms] [LOG] 🎯 initialFormData: null @ http://localhost:5175/src/pages/NewRequestModal.tsx:35
[   86588ms] [LOG] 🎯 step: 0 @ http://localhost:5175/src/pages/NewRequestModal.tsx:36
[   86588ms] [LOG] 🎯 ===== MODAL IS CLOSED - NOT RENDERING ===== @ http://localhost:5175/src/pages/NewRequestModal.tsx:342
[   86728ms] [LOG] [2026-04-08T03:56:06.479Z] Requests fetched successfully: 15 requests @ http://localhost:5175/src/pages/RequestDashboard.tsx?t=1775620440297:151
[   86728ms] [LOG] First few requests: [Object, Object, Object] @ http://localhost:5175/src/pages/RequestDashboard.tsx?t=1775620440297:152
[   86728ms] [LOG] [FRONTEND] Request FORM_IDs: [Object, Object, Object, Object, Object] @ http://localhost:5175/src/pages/RequestDashboard.tsx?t=1775620440297:154
[   86728ms] [LOG] [2026-04-08T03:56:06.479Z] Data comparison: {currentRequestCount: 0, newRequestCount: 15, hasNewRequests: true, hasDifferentAssignments: false} @ http://localhost:5175/src/pages/RequestDashboard.tsx?t=1775620440297:169
[   86728ms] [LOG] [2026-04-08T03:56:06.479Z] Setting requests state with new data @ http://localhost:5175/src/pages/RequestDashboard.tsx?t=1775620440297:175
[   86728ms] [LOG] [2026-04-08T03:56:06.479Z] State update queued @ http://localhost:5175/src/pages/RequestDashboard.tsx?t=1775620440297:177
[   86728ms] [LOG] [2026-04-08T03:56:06.479Z] Loading state set to false @ http://localhost:5175/src/pages/RequestDashboard.tsx?t=1775620440297:184
[   86733ms] [LOG] 🎯 ===== NewRequestModal RENDER ===== @ http://localhost:5175/src/pages/NewRequestModal.tsx:32
[   86733ms] [LOG] 🎯 isOpen: false @ http://localhost:5175/src/pages/NewRequestModal.tsx:33
[   86733ms] [LOG] 🎯 isTemplateForm: false @ http://localhost:5175/src/pages/NewRequestModal.tsx:34
[   86733ms] [LOG] 🎯 initialFormData: null @ http://localhost:5175/src/pages/NewRequestModal.tsx:35
[   86733ms] [LOG] 🎯 step: 0 @ http://localhost:5175/src/pages/NewRequestModal.tsx:36
[   86733ms] [LOG] 🎯 ===== MODAL IS CLOSED - NOT RENDERING ===== @ http://localhost:5175/src/pages/NewRequestModal.tsx:342
[   86883ms] [LOG] [2026-04-08T03:56:06.486Z] Requests fetched successfully: 15 requests @ http://localhost:5175/src/pages/RequestDashboard.tsx?t=1775620440297:151
[   86884ms] [LOG] First few requests: [Object, Object, Object] @ http://localhost:5175/src/pages/RequestDashboard.tsx?t=1775620440297:152
[   86884ms] [LOG] [FRONTEND] Request FORM_IDs: [Object, Object, Object, Object, Object] @ http://localhost:5175/src/pages/RequestDashboard.tsx?t=1775620440297:154
[   86884ms] [LOG] [2026-04-08T03:56:06.486Z] Data comparison: {currentRequestCount: 0, newRequestCount: 15, hasNewRequests: true, hasDifferentAssignments: false} @ http://localhost:5175/src/pages/RequestDashboard.tsx?t=1775620440297:169
[   86884ms] [LOG] [2026-04-08T03:56:06.486Z] Setting requests state with new data @ http://localhost:5175/src/pages/RequestDashboard.tsx?t=1775620440297:175
[   86884ms] [LOG] [2026-04-08T03:56:06.486Z] State update queued @ http://localhost:5175/src/pages/RequestDashboard.tsx?t=1775620440297:177
[   86884ms] [LOG] [2026-04-08T03:56:06.486Z] Loading state set to false @ http://localhost:5175/src/pages/RequestDashboard.tsx?t=1775620440297:184
[   86888ms] [LOG] 🎯 ===== NewRequestModal RENDER ===== @ http://localhost:5175/src/pages/NewRequestModal.tsx:32
[   86888ms] [LOG] 🎯 isOpen: false @ http://localhost:5175/src/pages/NewRequestModal.tsx:33
[   86889ms] [LOG] 🎯 isTemplateForm: false @ http://localhost:5175/src/pages/NewRequestModal.tsx:34
[   86889ms] [LOG] 🎯 initialFormData: null @ http://localhost:5175/src/pages/NewRequestModal.tsx:35
[   86889ms] [LOG] 🎯 step: 0 @ http://localhost:5175/src/pages/NewRequestModal.tsx:36
[   86889ms] [LOG] 🎯 ===== MODAL IS CLOSED - NOT RENDERING ===== @ http://localhost:5175/src/pages/NewRequestModal.tsx:342
[   90693ms] [LOG] 🎯 ===== NewRequestModal RENDER ===== @ http://localhost:5175/src/pages/NewRequestModal.tsx:32
[   90694ms] [LOG] 🎯 isOpen: false @ http://localhost:5175/src/pages/NewRequestModal.tsx:33
[   90694ms] [LOG] 🎯 isTemplateForm: false @ http://localhost:5175/src/pages/NewRequestModal.tsx:34
[   90694ms] [LOG] 🎯 initialFormData: null @ http://localhost:5175/src/pages/NewRequestModal.tsx:35
[   90694ms] [LOG] 🎯 step: 0 @ http://localhost:5175/src/pages/NewRequestModal.tsx:36
[   90694ms] [LOG] 🎯 ===== MODAL IS CLOSED - NOT RENDERING ===== @ http://localhost:5175/src/pages/NewRequestModal.tsx:342
[   90700ms] [LOG] [useAuth] Loaded user from localStorage: {id: 1176, userId: 1176, email: ernest@shieldlytics.com, firstName: Ernest, lastName: Pena Jr} @ http://localhost:5175/src/hooks/useAuth.ts:12
[   90700ms] [LOG] [MODAL STATE] showFormFulfillmentModal changed to: false @ http://localhost:5175/src/pages/RequestDashboard.tsx?t=1775620440297:138
[   90700ms] [LOG] [MODAL STATE] fulfillmentFormData: NULL @ http://localhost:5175/src/pages/RequestDashboard.tsx?t=1775620440297:139
[   90700ms] [LOG] [MODAL STATE] selectedRequest: 290 @ http://localhost:5175/src/pages/RequestDashboard.tsx?t=1775620440297:140
[   90701ms] [LOG] 🔍 [API INTERCEPTOR] Processing request: {url: /api/requests/290/form, method: get, tokenExists: true, tokenLength: 327, tokenPreview: eyJhbGciOiJIUzI1NiIs...} @ http://localhost:5175/src/utils/api.ts:30
[   90701ms] [LOG] ✅ [API INTERCEPTOR] Added Authorization header for: /api/requests/290/form @ http://localhost:5175/src/utils/api.ts:43
[   90701ms] [LOG] 🔍 [API INTERCEPTOR] Processing request: {url: /api/requests/290/tasks, method: get, tokenExists: true, tokenLength: 327, tokenPreview: eyJhbGciOiJIUzI1NiIs...} @ http://localhost:5175/src/utils/api.ts:30
[   90702ms] [LOG] ✅ [API INTERCEPTOR] Added Authorization header for: /api/requests/290/tasks @ http://localhost:5175/src/utils/api.ts:43
[   90702ms] [LOG] 🔍 [API INTERCEPTOR] Processing request: {url: /api/requests/290/attachments, method: get, tokenExists: true, tokenLength: 327, tokenPreview: eyJhbGciOiJIUzI1NiIs...} @ http://localhost:5175/src/utils/api.ts:30
[   90702ms] [LOG] ✅ [API INTERCEPTOR] Added Authorization header for: /api/requests/290/attachments @ http://localhost:5175/src/utils/api.ts:43
[   90702ms] [LOG] 🔍 [API INTERCEPTOR] Processing request: {url: /api/requests, method: get, tokenExists: true, tokenLength: 327, tokenPreview: eyJhbGciOiJIUzI1NiIs...} @ http://localhost:5175/src/utils/api.ts:30
[   90702ms] [LOG] ✅ [API INTERCEPTOR] Added Authorization header for: /api/requests @ http://localhost:5175/src/utils/api.ts:43
[   90702ms] [LOG] 🔍 [API INTERCEPTOR] Processing request: {url: /api/requests/290/milestones, method: get, tokenExists: true, tokenLength: 327, tokenPreview: eyJhbGciOiJIUzI1NiIs...} @ http://localhost:5175/src/utils/api.ts:30
[   90702ms] [LOG] ✅ [API INTERCEPTOR] Added Authorization header for: /api/requests/290/milestones @ http://localhost:5175/src/utils/api.ts:43
[   90719ms] [LOG] 🔍 [API INTERCEPTOR] Processing request: {url: /api/users, method: get, tokenExists: true, tokenLength: 327, tokenPreview: eyJhbGciOiJIUzI1NiIs...} @ http://localhost:5175/src/utils/api.ts:30
[   90719ms] [LOG] ✅ [API INTERCEPTOR] Added Authorization header for: /api/users @ http://localhost:5175/src/utils/api.ts:43
[   95855ms] [LOG] Modal onHide callback triggered @ http://localhost:5175/src/pages/RequestDashboard.tsx?t=1775620440297:1355
[   95855ms] [LOG] Forcing refresh of both request lists after modal close @ http://localhost:5175/src/pages/RequestDashboard.tsx?t=1775620440297:1358
[   95860ms] [LOG] 🎯 ===== NewRequestModal RENDER ===== @ http://localhost:5175/src/pages/NewRequestModal.tsx:32
[   95860ms] [LOG] 🎯 isOpen: false @ http://localhost:5175/src/pages/NewRequestModal.tsx:33
[   95860ms] [LOG] 🎯 isTemplateForm: false @ http://localhost:5175/src/pages/NewRequestModal.tsx:34
[   95860ms] [LOG] 🎯 initialFormData: null @ http://localhost:5175/src/pages/NewRequestModal.tsx:35
[   95860ms] [LOG] 🎯 step: 0 @ http://localhost:5175/src/pages/NewRequestModal.tsx:36
[   95860ms] [LOG] 🎯 ===== MODAL IS CLOSED - NOT RENDERING ===== @ http://localhost:5175/src/pages/NewRequestModal.tsx:342
[   95864ms] [LOG] [MODAL STATE] showFormFulfillmentModal changed to: false @ http://localhost:5175/src/pages/RequestDashboard.tsx?t=1775620440297:138
[   95864ms] [LOG] [MODAL STATE] fulfillmentFormData: NULL @ http://localhost:5175/src/pages/RequestDashboard.tsx?t=1775620440297:139
[   95864ms] [LOG] [MODAL STATE] selectedRequest: NONE @ http://localhost:5175/src/pages/RequestDashboard.tsx?t=1775620440297:140
[   96157ms] [LOG] [2026-04-08T03:56:16.208Z] fetchRequests called - refreshing request data @ http://localhost:5175/src/pages/RequestDashboard.tsx?t=1775620440297:144
[   96157ms] [LOG] Current requests state: 15 requests @ http://localhost:5175/src/pages/RequestDashboard.tsx?t=1775620440297:145
[   96157ms] [LOG] [2026-04-08T03:56:16.208Z] Fetching requests from API... @ http://localhost:5175/src/pages/RequestDashboard.tsx?t=1775620440297:149
[   96157ms] [LOG] 🔄 Fetching assigned requests for user: 1176 @ http://localhost:5175/src/pages/RequestDashboard.tsx?t=1775620440297:713
[   96157ms] [LOG] 🔍 [API INTERCEPTOR] Processing request: {url: /api/requests, method: get, tokenExists: true, tokenLength: 327, tokenPreview: eyJhbGciOiJIUzI1NiIs...} @ http://localhost:5175/src/utils/api.ts:30
[   96157ms] [LOG] ✅ [API INTERCEPTOR] Added Authorization header for: /api/requests @ http://localhost:5175/src/utils/api.ts:43
[   96157ms] [LOG] 🔍 [API INTERCEPTOR] Processing request: {url: /api/requests/assigned/me, method: get, tokenExists: true, tokenLength: 327, tokenPreview: eyJhbGciOiJIUzI1NiIs...} @ http://localhost:5175/src/utils/api.ts:30
[   96157ms] [LOG] ✅ [API INTERCEPTOR] Added Authorization header for: /api/requests/assigned/me @ http://localhost:5175/src/utils/api.ts:43
[   96159ms] [LOG] 🎯 ===== NewRequestModal RENDER ===== @ http://localhost:5175/src/pages/NewRequestModal.tsx:32
[   96159ms] [LOG] 🎯 isOpen: false @ http://localhost:5175/src/pages/NewRequestModal.tsx:33
[   96160ms] [LOG] 🎯 isTemplateForm: false @ http://localhost:5175/src/pages/NewRequestModal.tsx:34
[   96160ms] [LOG] 🎯 initialFormData: null @ http://localhost:5175/src/pages/NewRequestModal.tsx:35
[   96160ms] [LOG] 🎯 step: 0 @ http://localhost:5175/src/pages/NewRequestModal.tsx:36
[   96160ms] [LOG] 🎯 ===== MODAL IS CLOSED - NOT RENDERING ===== @ http://localhost:5175/src/pages/NewRequestModal.tsx:342
[   96258ms] [LOG] 📥 Assigned requests response: [Object, Object, Object, Object] @ http://localhost:5175/src/pages/RequestDashboard.tsx?t=1775620440297:715
[   96258ms] [LOG] ✅ Assigned requests loaded successfully: 4 requests @ http://localhost:5175/src/pages/RequestDashboard.tsx?t=1775620440297:723
[   96261ms] [LOG] 🎯 ===== NewRequestModal RENDER ===== @ http://localhost:5175/src/pages/NewRequestModal.tsx:32
[   96261ms] [LOG] 🎯 isOpen: false @ http://localhost:5175/src/pages/NewRequestModal.tsx:33
[   96261ms] [LOG] 🎯 isTemplateForm: false @ http://localhost:5175/src/pages/NewRequestModal.tsx:34
[   96261ms] [LOG] 🎯 initialFormData: null @ http://localhost:5175/src/pages/NewRequestModal.tsx:35
[   96261ms] [LOG] 🎯 step: 0 @ http://localhost:5175/src/pages/NewRequestModal.tsx:36
[   96261ms] [LOG] 🎯 ===== MODAL IS CLOSED - NOT RENDERING ===== @ http://localhost:5175/src/pages/NewRequestModal.tsx:342
[   96293ms] [LOG] [2026-04-08T03:56:16.208Z] Requests fetched successfully: 15 requests @ http://localhost:5175/src/pages/RequestDashboard.tsx?t=1775620440297:151
[   96293ms] [LOG] First few requests: [Object, Object, Object] @ http://localhost:5175/src/pages/RequestDashboard.tsx?t=1775620440297:152
[   96294ms] [LOG] [FRONTEND] Request FORM_IDs: [Object, Object, Object, Object, Object] @ http://localhost:5175/src/pages/RequestDashboard.tsx?t=1775620440297:154
[   96294ms] [LOG] [2026-04-08T03:56:16.208Z] Data comparison: {currentRequestCount: 15, newRequestCount: 15, hasNewRequests: false, hasDifferentAssignments: false} @ http://localhost:5175/src/pages/RequestDashboard.tsx?t=1775620440297:169
[   96294ms] [LOG] [2026-04-08T03:56:16.208Z] Setting requests state with new data @ http://localhost:5175/src/pages/RequestDashboard.tsx?t=1775620440297:175
[   96294ms] [LOG] [2026-04-08T03:56:16.208Z] State update queued @ http://localhost:5175/src/pages/RequestDashboard.tsx?t=1775620440297:177
[   96294ms] [LOG] [2026-04-08T03:56:16.208Z] Loading state set to false @ http://localhost:5175/src/pages/RequestDashboard.tsx?t=1775620440297:184
[   96294ms] [LOG] ✅ Modal close refresh completed @ http://localhost:5175/src/pages/RequestDashboard.tsx?t=1775620440297:1367
[   96299ms] [LOG] 🎯 ===== NewRequestModal RENDER ===== @ http://localhost:5175/src/pages/NewRequestModal.tsx:32
[   96299ms] [LOG] 🎯 isOpen: false @ http://localhost:5175/src/pages/NewRequestModal.tsx:33
[   96299ms] [LOG] 🎯 isTemplateForm: false @ http://localhost:5175/src/pages/NewRequestModal.tsx:34
[   96299ms] [LOG] 🎯 initialFormData: null @ http://localhost:5175/src/pages/NewRequestModal.tsx:35
[   96299ms] [LOG] 🎯 step: 0 @ http://localhost:5175/src/pages/NewRequestModal.tsx:36
[   96299ms] [LOG] 🎯 ===== MODAL IS CLOSED - NOT RENDERING ===== @ http://localhost:5175/src/pages/NewRequestModal.tsx:342
[   98026ms] [LOG] 🎯 ===== NewRequestModal RENDER ===== @ http://localhost:5175/src/pages/NewRequestModal.tsx:32
[   98026ms] [LOG] 🎯 isOpen: false @ http://localhost:5175/src/pages/NewRequestModal.tsx:33
[   98026ms] [LOG] 🎯 isTemplateForm: false @ http://localhost:5175/src/pages/NewRequestModal.tsx:34
[   98026ms] [LOG] 🎯 initialFormData: null @ http://localhost:5175/src/pages/NewRequestModal.tsx:35
[   98026ms] [LOG] 🎯 step: 0 @ http://localhost:5175/src/pages/NewRequestModal.tsx:36
[   98026ms] [LOG] 🎯 ===== MODAL IS CLOSED - NOT RENDERING ===== @ http://localhost:5175/src/pages/NewRequestModal.tsx:342
[   98031ms] [LOG] [useAuth] Loaded user from localStorage: {id: 1176, userId: 1176, email: ernest@shieldlytics.com, firstName: Ernest, lastName: Pena Jr} @ http://localhost:5175/src/hooks/useAuth.ts:12
[   98031ms] [LOG] [MODAL STATE] showFormFulfillmentModal changed to: false @ http://localhost:5175/src/pages/RequestDashboard.tsx?t=1775620440297:138
[   98031ms] [LOG] [MODAL STATE] fulfillmentFormData: NULL @ http://localhost:5175/src/pages/RequestDashboard.tsx?t=1775620440297:139
[   98031ms] [LOG] [MODAL STATE] selectedRequest: 247 @ http://localhost:5175/src/pages/RequestDashboard.tsx?t=1775620440297:140
[   98032ms] [LOG] 🔍 [API INTERCEPTOR] Processing request: {url: /api/requests/247/form, method: get, tokenExists: true, tokenLength: 327, tokenPreview: eyJhbGciOiJIUzI1NiIs...} @ http://localhost:5175/src/utils/api.ts:30
[   98032ms] [LOG] ✅ [API INTERCEPTOR] Added Authorization header for: /api/requests/247/form @ http://localhost:5175/src/utils/api.ts:43
[   98032ms] [LOG] 🔍 [API INTERCEPTOR] Processing request: {url: /api/requests/247/tasks, method: get, tokenExists: true, tokenLength: 327, tokenPreview: eyJhbGciOiJIUzI1NiIs...} @ http://localhost:5175/src/utils/api.ts:30
[   98032ms] [LOG] ✅ [API INTERCEPTOR] Added Authorization header for: /api/requests/247/tasks @ http://localhost:5175/src/utils/api.ts:43
[   98032ms] [LOG] 🔍 [API INTERCEPTOR] Processing request: {url: /api/requests/247/attachments, method: get, tokenExists: true, tokenLength: 327, tokenPreview: eyJhbGciOiJIUzI1NiIs...} @ http://localhost:5175/src/utils/api.ts:30
[   98032ms] [LOG] ✅ [API INTERCEPTOR] Added Authorization header for: /api/requests/247/attachments @ http://localhost:5175/src/utils/api.ts:43
[   98032ms] [LOG] 🔍 [API INTERCEPTOR] Processing request: {url: /api/requests, method: get, tokenExists: true, tokenLength: 327, tokenPreview: eyJhbGciOiJIUzI1NiIs...} @ http://localhost:5175/src/utils/api.ts:30
[   98032ms] [LOG] ✅ [API INTERCEPTOR] Added Authorization header for: /api/requests @ http://localhost:5175/src/utils/api.ts:43
[   98032ms] [LOG] 🔍 [API INTERCEPTOR] Processing request: {url: /api/requests/247/milestones, method: get, tokenExists: true, tokenLength: 327, tokenPreview: eyJhbGciOiJIUzI1NiIs...} @ http://localhost:5175/src/utils/api.ts:30
[   98032ms] [LOG] ✅ [API INTERCEPTOR] Added Authorization header for: /api/requests/247/milestones @ http://localhost:5175/src/utils/api.ts:43
[   98043ms] [LOG] 🔍 [API INTERCEPTOR] Processing request: {url: /api/users, method: get, tokenExists: true, tokenLength: 327, tokenPreview: eyJhbGciOiJIUzI1NiIs...} @ http://localhost:5175/src/utils/api.ts:30
[   98043ms] [LOG] ✅ [API INTERCEPTOR] Added Authorization header for: /api/users @ http://localhost:5175/src/utils/api.ts:43
[   98360ms] [ERROR] Failed to load resource: the server responded with a status of 404 (Not Found) @ http://localhost:5175/api/requests/247/subject-photo:0
[   98360ms] [ERROR] Failed to load resource: the server responded with a status of 404 (Not Found) @ http://localhost:5175/api/requests/247/subject-photo:0
[   98531ms] [ERROR] Failed to load resource: the server responded with a status of 404 (Not Found) @ http://localhost:5175/api/requests/247/subject-photo:0
